#
# A fatal error has been detected by the Java Runtime Environment:
#
#  SIGSEGV (0xb) at pc=0x00007f5b24b5bfdd, pid=5068, tid=5123
#
# JRE version: OpenJDK Runtime Environment (10.0.1+10) (build 10.0.1+10-Ubuntu-3ubuntu1)
# Java VM: OpenJDK 64-Bit Server VM (10.0.1+10-Ubuntu-3ubuntu1, mixed mode, tiered, compressed oops, g1 gc, linux-amd64)
# Problematic frame:
# V  [libjvm.so+0x85cfdd]
#
# Core dump will be written. Default location: Core dumps may be processed with "/usr/share/apport/apport %p %s %c %d %P" (or dumping to /home/cmt/Documents/eclipse-workspace/Duel/core.5068)
#
# If you would like to submit a bug report, please visit:
#   http://bugreport.java.com/bugreport/crash.jsp
#

---------------  S U M M A R Y ------------

Command Line: -Dfile.encoding=UTF-8 princ.Principal

Host: Intel(R) Core(TM) i3-2350M CPU @ 2.30GHz, 2 cores, 1G, Linux Mint 19 Tara
Time: Sat Jan  5 18:05:34 2019 CET elapsed time: 12 seconds (0d 0h 0m 12s)

---------------  T H R E A D  ---------------

Current thread (0x00007f5b1c535800):  JavaThread "Player1" [_thread_in_vm, id=5123, stack(0x00007f5ab6991000,0x00007f5ab6a92000)]

Stack: [0x00007f5ab6991000,0x00007f5ab6a92000],  sp=0x00007f5ab6a8fc00,  free space=1019k
Native frames: (J=compiled Java code, A=aot compiled Java code, j=interpreted, Vv=VM code, C=native code)
V  [libjvm.so+0x85cfdd]
C  [libjpl.so+0x5634]

Java frames: (J=compiled Java code, j=interpreted, Vv=VM code)
j  org.jpl7.fli.Prolog.next_solution(Lorg/jpl7/fli/qid_t;)Z+0
j  org.jpl7.Query.get1()Z+4
j  org.jpl7.Query.hasMoreSolutions()Z+12
j  org.jpl7.Query.oneSolution()Ljava/util/Map;+18
j  org.jpl7.Query.hasSolution()Z+1
j  org.jpl7.Query.hasSolution(Ljava/lang/String;)Z+8
j  sma.actionsBehaviours.PrologBehavior.onTick()V+372
j  jade.core.behaviours.TickerBehaviour.action()V+33
j  jade.core.behaviours.Behaviour.actionWrapper()V+36
j  jade.core.Agent$ActiveLifeCycle.execute()V+17
j  jade.core.Agent.run()V+21
j  java.lang.Thread.run()V+11 java.base@10.0.1
v  ~StubRoutines::call_stub

siginfo: si_signo: 11 (SIGSEGV), si_code: 1 (SEGV_MAPERR), si_addr: 0x0000000000000000

Register to memory mapping:

RAX=0x00007f5ab6a8fca0 is pointing into the stack for thread: 0x00007f5b1c535800
RBX=0x00007f5b1c535800 is a thread
RCX=0x00007f5afc009920 is an unknown value
RDX=0x00007f5b247918c0: <offset 0x00000000004928c0> in /usr/lib/jvm/java-11-openjdk-amd64/lib/server/libjvm.so at 0x00007f5b242ff000
RSP=0x00007f5ab6a8fc00 is pointing into the stack for thread: 0x00007f5b1c535800
RBP=0x00007f5ab6a8fd70 is pointing into the stack for thread: 0x00007f5b1c535800
RSI=0x00007f5af400dfb8 is a global jni handle
RDI=0x00007f5ab6a8fc60 is pointing into the stack for thread: 0x00007f5b1c535800
R8 =0x00007f5afc009920 is an unknown value
R9 =0x00007f5b25573a80: <offset 0x0000000001274a80> in /usr/lib/jvm/java-11-openjdk-amd64/lib/server/libjvm.so at 0x00007f5b242ff000
R10=0x00007f5afc009560 is an unknown value
R11=0x0000000000000000 is an unknown value
R12=0x00007f5ab6a8fc60 is pointing into the stack for thread: 0x00007f5b1c535800
R13=0x00007f5b1c535a00 is an unknown value
R14=0x0000000000000000 is an unknown value
R15=0x0000000000000000 is an unknown value


Registers:
RAX=0x00007f5ab6a8fca0, RBX=0x00007f5b1c535800, RCX=0x00007f5afc009920, RDX=0x00007f5b247918c0
RSP=0x00007f5ab6a8fc00, RBP=0x00007f5ab6a8fd70, RSI=0x00007f5af400dfb8, RDI=0x00007f5ab6a8fc60
R8 =0x00007f5afc009920, R9 =0x00007f5b25573a80, R10=0x00007f5afc009560, R11=0x0000000000000000
R12=0x00007f5ab6a8fc60, R13=0x00007f5b1c535a00, R14=0x0000000000000000, R15=0x0000000000000000
RIP=0x00007f5b24b5bfdd, EFLAGS=0x0000000000010246, CSGSFS=0x002b000000000033, ERR=0x0000000000000004
  TRAPNO=0x000000000000000e

Top of Stack: (sp=0x00007f5ab6a8fc00)
0x00007f5ab6a8fc00:   0000000000000000 00007f5b1c535800
0x00007f5ab6a8fc10:   000000000000000a 0000000000000000
0x00007f5ab6a8fc20:   00007f5b1c291c18 0000003000000018
0x00007f5ab6a8fc30:   00007f5ab6a8fd80 00007f5ab6a8fca0 

Instructions: (pc=0x00007f5b24b5bfdd)
0x00007f5b24b5bfbd:   00 4c 8d a5 f0 fe ff ff 48 89 85 c0 fe ff ff 48
0x00007f5b24b5bfcd:   8d 85 30 ff ff ff 4c 89 e7 48 89 85 c8 fe ff ff
0x00007f5b24b5bfdd:   49 8b 06 48 8b 40 08 0f b7 50 2c 48 8b 40 08 48
0x00007f5b24b5bfed:   8b 74 d0 40 e8 aa 4e 3c 00 48 8d 05 f3 d3 94 00 


---------------  P R O C E S S  ---------------

Threads class SMR info:
_java_thread_list=0x00007f5aec01b170, length=31, elements={
0x00007f5b1c0ce000, 0x00007f5b1c0d0000, 0x00007f5b1c0e4000, 0x00007f5b1c0e6000,
0x00007f5b1c0e8000, 0x00007f5b1c0ea000, 0x00007f5b1c149800, 0x00007f5b1c108000,
0x00007f5b1c455000, 0x00007f5b1c457000, 0x00007f5ae41c8000, 0x00007f5ae435d000,
0x00007f5b1c4a5000, 0x00007f5b1c4c3800, 0x00007f5af4033000, 0x00007f5b1c4bd800,
0x00007f5b1c4bf000, 0x00007f5b1c4e0000, 0x00007f5b1c524000, 0x00007f5b1c525000,
0x00007f5b1c54f800, 0x00007f5b1c550000, 0x00007f5b1c551000, 0x00007f5b1c2c1800,
0x00007f5b1c28f000, 0x00007f5b1c28b000, 0x00007f5b1c533000, 0x00007f5b1c535800,
0x00007f5b1c537000, 0x00007f5b1c012800, 0x00007f5af474e800
}

Java Threads: ( => current thread )
  0x00007f5b1c0ce000 JavaThread "Reference Handler" daemon [_thread_blocked, id=5084, stack(0x00007f5b01924000,0x00007f5b01a25000)]
  0x00007f5b1c0d0000 JavaThread "Finalizer" daemon [_thread_blocked, id=5085, stack(0x00007f5b01823000,0x00007f5b01924000)]
  0x00007f5b1c0e4000 JavaThread "Signal Dispatcher" daemon [_thread_blocked, id=5086, stack(0x00007f5b0130f000,0x00007f5b01410000)]
  0x00007f5b1c0e6000 JavaThread "C2 CompilerThread0" daemon [_thread_in_native, id=5087, stack(0x00007f5b0120e000,0x00007f5b0130f000)]
  0x00007f5b1c0e8000 JavaThread "C1 CompilerThread1" daemon [_thread_blocked, id=5088, stack(0x00007f5b0110d000,0x00007f5b0120e000)]
  0x00007f5b1c0ea000 JavaThread "Sweeper thread" daemon [_thread_blocked, id=5089, stack(0x00007f5b0100c000,0x00007f5b0110d000)]
  0x00007f5b1c149800 JavaThread "Service Thread" daemon [_thread_blocked, id=5090, stack(0x00007f5b00f0b000,0x00007f5b0100c000)]
  0x00007f5b1c108000 JavaThread "Common-Cleaner" daemon [_thread_blocked, id=5092, stack(0x00007f5b00d08000,0x00007f5b00e09000)]
  0x00007f5b1c455000 JavaThread "Java2D Disposer" daemon [_thread_blocked, id=5097, stack(0x00007f5b00096000,0x00007f5b00197000)]
  0x00007f5b1c457000 JavaThread "AWT-XAWT" daemon [_thread_blocked, id=5098, stack(0x00007f5ac80e7000,0x00007f5ac81e8000)]
  0x00007f5ae41c8000 JavaThread "Timer-0" daemon [_thread_blocked, id=5101, stack(0x00007f5ac1aca000,0x00007f5ac1bcb000)]
  0x00007f5ae435d000 JavaThread "TimerQueue" daemon [_thread_blocked, id=5103, stack(0x00007f5ac0fc8000,0x00007f5ac10c9000)]
  0x00007f5b1c4a5000 JavaThread "LWJGL Renderer Thread" [_thread_in_native, id=5104, stack(0x00007f5ac0cc7000,0x00007f5ac0dc8000)]
  0x00007f5b1c4c3800 JavaThread "JADE Timer dispatcher" [_thread_blocked, id=5105, stack(0x00007f5ac0553000,0x00007f5ac0654000)]
  0x00007f5af4033000 JavaThread "process reaper" daemon [_thread_blocked, id=5107, stack(0x00007f5b00074000,0x00007f5b00096000)]
  0x00007f5b1c4bd800 JavaThread "JICPServer-8888" daemon [_thread_in_native, id=5108, stack(0x00007f5abf8dd000,0x00007f5abf9de000)]
  0x00007f5b1c4bf000 JavaThread "Thread-4" [_thread_blocked, id=5110, stack(0x00007f5abf7dc000,0x00007f5abf8dd000)]
  0x00007f5b1c4e0000 JavaThread "Thread-5" [_thread_in_native, id=5111, stack(0x00007f5abddbe000,0x00007f5abdebf000)]
  0x00007f5b1c524000 JavaThread "Deliverer-00" [_thread_blocked, id=5114, stack(0x00007f5ac20cf000,0x00007f5ac21d0000)]
  0x00007f5b1c525000 JavaThread "Deliverer-01" [_thread_blocked, id=5115, stack(0x00007f5ac1fce000,0x00007f5ac20cf000)]
  0x00007f5b1c54f800 JavaThread "Deliverer-02" [_thread_blocked, id=5116, stack(0x00007f5ab7298000,0x00007f5ab7399000)]
  0x00007f5b1c550000 JavaThread "Deliverer-03" [_thread_blocked, id=5117, stack(0x00007f5ab7197000,0x00007f5ab7298000)]
  0x00007f5b1c551000 JavaThread "Deliverer-04" [_thread_blocked, id=5118, stack(0x00007f5ab7096000,0x00007f5ab7197000)]
  0x00007f5b1c2c1800 JavaThread "Thread-11" [_thread_in_native, id=5119, stack(0x00007f5ab6d95000,0x00007f5ab6e96000)]
  0x00007f5b1c28f000 JavaThread "ams" [_thread_blocked, id=5120, stack(0x00007f5ab6c94000,0x00007f5ab6d95000)]
  0x00007f5b1c28b000 JavaThread "df" [_thread_blocked, id=5121, stack(0x00007f5ab6b93000,0x00007f5ab6c94000)]
  0x00007f5b1c533000 JavaThread "Container-1-failure-monitor" [_thread_blocked, id=5122, stack(0x00007f5ab6a92000,0x00007f5ab6b93000)]
=>0x00007f5b1c535800 JavaThread "Player1" [_thread_in_vm, id=5123, stack(0x00007f5ab6991000,0x00007f5ab6a92000)]
  0x00007f5b1c537000 JavaThread "NotDummy" [_thread_in_native, id=5124, stack(0x00007f5ab6890000,0x00007f5ab6991000)]
  0x00007f5b1c012800 JavaThread "DestroyJavaVM" [_thread_blocked, id=5072, stack(0x00007f5b2632b000,0x00007f5b2642c000)]
  0x00007f5af474e800 JavaThread "jME3 Audio Thread" daemon [_thread_blocked, id=5125, stack(0x00007f5ab678f000,0x00007f5ab6890000)]

Other Threads:
  0x00007f5b1c0c4800 VMThread "VM Thread" [stack: 0x00007f5b01a27000,0x00007f5b01b27000] [id=5083]
  0x00007f5b1c14c000 WatcherThread [stack: 0x00007f5b00e0b000,0x00007f5b00f0b000] [id=5091]
  0x00007f5b1c028800 GCTaskThread "GC Thread#0" [stack: 0x00007f5b22450000,0x00007f5b22550000] [id=5075]
  0x00007f5b1c02a000 GCTaskThread "GC Thread#1" [stack: 0x00007f5b2234e000,0x00007f5b2244e000] [id=5076]
  0x00007f5b1c047000 ConcurrentGCThread "G1 Main Marker" [stack: 0x00007f5b20f5e000,0x00007f5b2105e000] [id=5077]
  0x00007f5b1c048800 ConcurrentGCThread "G1 Conc#0" [stack: 0x00007f5b20e5c000,0x00007f5b20f5c000] [id=5078]
  0x00007f5b1c062000 ConcurrentGCThread "G1 Refine#0" [stack: 0x00007f5b20b58000,0x00007f5b20c58000] [id=5079]
  0x00007f5b1c063800 ConcurrentGCThread "G1 Refine#1" [stack: 0x00007f5b20a56000,0x00007f5b20b56000] [id=5080]
  0x00007f5b1c065800 ConcurrentGCThread "G1 Young RemSet Sampling" [stack: 0x00007f5b20954000,0x00007f5b20a54000] [id=5081]

Threads with active compile tasks:
C2 CompilerThread03031       4       com.jme3.util.SortUtil::msort (48 bytes)

VM state:not at safepoint (normal execution)

VM Mutex/Monitor currently owned by a thread: None

Heap address: 0x00000000e3800000, size: 456 MB, Compressed Oops mode: 32-bit
Narrow klass base: 0x0000000000000000, Narrow klass shift: 3
Compressed class space size: 1073741824 Address: 0x0000000100000000

Heap:
 garbage-first heap   total 36864K, used 12227K [0x00000000e3800000, 0x0000000100000000)
  region size 1024K, 4 young (4096K), 2 survivors (2048K)
 Metaspace       used 33914K, capacity 34492K, committed 34816K, reserved 1081344K
  class space    used 3434K, capacity 3757K, committed 3840K, reserved 1048576K
Heap Regions: E=young(eden), S=young(survivor), O=old, HS=humongous(starts), HC=humongous(continues), CS=collection set, F=free, A=archive, TS=gc time stamp, AC=allocation context, TAMS=top-at-mark-start (previous, next)
|   0|0x00000000e3800000, 0x00000000e3900000, 0x00000000e3900000|100%| O|  |TS  0|AC  0|TAMS 0x00000000e3900000, 0x00000000e3900000|
|   1|0x00000000e3900000, 0x00000000e3a00000, 0x00000000e3a00000|100%| O|  |TS  0|AC  0|TAMS 0x00000000e3a00000, 0x00000000e3a00000|
|   2|0x00000000e3a00000, 0x00000000e3b00000, 0x00000000e3b00000|100%| O|  |TS  0|AC  0|TAMS 0x00000000e3b00000, 0x00000000e3b00000|
|   3|0x00000000e3b00000, 0x00000000e3c00000, 0x00000000e3c00000|100%|HS|  |TS  0|AC  0|TAMS 0x00000000e3c00000, 0x00000000e3c00000|
|   4|0x00000000e3c00000, 0x00000000e3d00000, 0x00000000e3d00000|100%|HC|  |TS  0|AC  0|TAMS 0x00000000e3d00000, 0x00000000e3d00000|
|   5|0x00000000e3d00000, 0x00000000e3e00000, 0x00000000e3e00000|100%| O|  |TS  0|AC  0|TAMS 0x00000000e3e00000, 0x00000000e3e00000|
|   6|0x00000000e3e00000, 0x00000000e3f00000, 0x00000000e3f00000|100%| O|  |TS  1|AC  0|TAMS 0x00000000e3e6fc00, 0x00000000e3e6fc00|
|   7|0x00000000e3f00000, 0x00000000e4000000, 0x00000000e4000000|100%| O|  |TS  3|AC  0|TAMS 0x00000000e3f00000, 0x00000000e3f00000|
|   8|0x00000000e4000000, 0x00000000e4100000, 0x00000000e4100000|100%| O|  |TS  4|AC  0|TAMS 0x00000000e4000000, 0x00000000e4000000|
|   9|0x00000000e4100000, 0x00000000e4100000, 0x00000000e4200000|  0%| F|  |TS  5|AC  0|TAMS 0x00000000e4100000, 0x00000000e4100000|
|  10|0x00000000e4200000, 0x00000000e4200000, 0x00000000e4300000|  0%| F|  |TS  4|AC  0|TAMS 0x00000000e4200000, 0x00000000e4200000|
|  11|0x00000000e4300000, 0x00000000e4300000, 0x00000000e4400000|  0%| F|  |TS  4|AC  0|TAMS 0x00000000e4300000, 0x00000000e4300000|
|  12|0x00000000e4400000, 0x00000000e4400000, 0x00000000e4500000|  0%| F|  |TS  4|AC  0|TAMS 0x00000000e4400000, 0x00000000e4400000|
|  13|0x00000000e4500000, 0x00000000e4500000, 0x00000000e4600000|  0%| F|  |TS  5|AC  0|TAMS 0x00000000e4500000, 0x00000000e4500000|
|  14|0x00000000e4600000, 0x00000000e4600000, 0x00000000e4700000|  0%| F|  |TS  5|AC  0|TAMS 0x00000000e4600000, 0x00000000e4600000|
|  15|0x00000000e4700000, 0x00000000e4700000, 0x00000000e4800000|  0%| F|  |TS  5|AC  0|TAMS 0x00000000e4700000, 0x00000000e4700000|
|  16|0x00000000e4800000, 0x00000000e4800000, 0x00000000e4900000|  0%| F|  |TS  5|AC  0|TAMS 0x00000000e4800000, 0x00000000e4800000|
|  17|0x00000000e4900000, 0x00000000e49cac00, 0x00000000e4a00000| 79%| O|  |TS  5|AC  0|TAMS 0x00000000e4900000, 0x00000000e4900000|
|  18|0x00000000e4a00000, 0x00000000e4a00000, 0x00000000e4b00000|  0%| F|  |TS  0|AC  0|TAMS 0x00000000e4a00000, 0x00000000e4a00000|
|  19|0x00000000e4b00000, 0x00000000e4b00000, 0x00000000e4c00000|  0%| F|  |TS  0|AC  0|TAMS 0x00000000e4b00000, 0x00000000e4b00000|
|  20|0x00000000e4c00000, 0x00000000e4c00000, 0x00000000e4d00000|  0%| F|  |TS  0|AC  0|TAMS 0x00000000e4c00000, 0x00000000e4c00000|
|  21|0x00000000e4d00000, 0x00000000e4d00000, 0x00000000e4e00000|  0%| F|  |TS  2|AC  0|TAMS 0x00000000e4d00000, 0x00000000e4d00000|
|  22|0x00000000e4e00000, 0x00000000e4e00000, 0x00000000e4f00000|  0%| F|  |TS  4|AC  0|TAMS 0x00000000e4e00000, 0x00000000e4e00000|
|  23|0x00000000e4f00000, 0x00000000e4f26050, 0x00000000e5000000| 14%| S|CS|TS  5|AC  0|TAMS 0x00000000e4f00000, 0x00000000e4f00000|
|  24|0x00000000e5000000, 0x00000000e5000000, 0x00000000e5100000|  0%| F|  |TS  5|AC  0|TAMS 0x00000000e5000000, 0x00000000e5000000|
|  25|0x00000000e5100000, 0x00000000e5100000, 0x00000000e5200000|  0%| F|  |TS  5|AC  0|TAMS 0x00000000e5100000, 0x00000000e5100000|
|  26|0x00000000e5200000, 0x00000000e5300000, 0x00000000e5300000|100%| S|CS|TS  5|AC  0|TAMS 0x00000000e5200000, 0x00000000e5200000|
|  27|0x00000000e5300000, 0x00000000e5300000, 0x00000000e5400000|  0%| F|  |TS  5|AC  0|TAMS 0x00000000e5300000, 0x00000000e5300000|
|  28|0x00000000e5400000, 0x00000000e5400000, 0x00000000e5500000|  0%| F|  |TS  5|AC  0|TAMS 0x00000000e5400000, 0x00000000e5400000|
|  29|0x00000000e5500000, 0x00000000e5500000, 0x00000000e5600000|  0%| F|  |TS  5|AC  0|TAMS 0x00000000e5500000, 0x00000000e5500000|
|  30|0x00000000e5600000, 0x00000000e5600000, 0x00000000e5700000|  0%| F|  |TS  5|AC  0|TAMS 0x00000000e5600000, 0x00000000e5600000|
|  31|0x00000000e5700000, 0x00000000e5700000, 0x00000000e5800000|  0%| F|  |TS  5|AC  0|TAMS 0x00000000e5700000, 0x00000000e5700000|
|  32|0x00000000e5800000, 0x00000000e5800000, 0x00000000e5900000|  0%| F|  |TS  5|AC  0|TAMS 0x00000000e5800000, 0x00000000e5800000|
|  33|0x00000000e5900000, 0x00000000e5900000, 0x00000000e5a00000|  0%| F|  |TS  5|AC  0|TAMS 0x00000000e5900000, 0x00000000e5900000|
|  34|0x00000000e5a00000, 0x00000000e5adcd60, 0x00000000e5b00000| 86%| E|  |TS  5|AC  0|TAMS 0x00000000e5a00000, 0x00000000e5a00000|
|  35|0x00000000e5b00000, 0x00000000e5c00000, 0x00000000e5c00000|100%| E|CS|TS  5|AC  0|TAMS 0x00000000e5b00000, 0x00000000e5b00000|

Card table byte_map: [0x00007f5b21f82000,0x00007f5b22066000] byte_map_base: 0x00007f5b21866000

Marking Bits (Prev, Next): (CMBitMap*) 0x00007f5b1c0461d8, (CMBitMap*) 0x00007f5b1c0461a0
 Prev Bits: [0x00007f5b2105e000, 0x00007f5b2177e000)
 Next Bits: [0x00007f5b2177e000, 0x00007f5b21e9e000)

Polling page: 0x00007f5b26445000

CodeHeap 'non-profiled nmethods': size=120036Kb used=1251Kb max_used=1251Kb free=118784Kb
 bounds [0x00007f5b0b5ee000, 0x00007f5b0b85e000, 0x00007f5b12b27000]
CodeHeap 'profiled nmethods': size=120032Kb used=5716Kb max_used=5716Kb free=114315Kb
 bounds [0x00007f5b040b6000, 0x00007f5b04656000, 0x00007f5b0b5ee000]
CodeHeap 'non-nmethods': size=5692Kb used=1376Kb max_used=1413Kb free=4315Kb
 bounds [0x00007f5b03b27000, 0x00007f5b03d97000, 0x00007f5b040b6000]
 total_blobs=4431 nmethods=3015 adapters=792
 compilation: enabled

Compilation events (10 events):
Event: 12,083 Thread 0x00007f5b1c0e6000 nmethod 3002 0x00007f5b0b726390 code [0x00007f5b0b726520, 0x00007f5b0b726598]
Event: 12,083 Thread 0x00007f5b1c0e6000 2940       4       com.bulletphysics.$Stack::pop$javax$vecmath$Vector3f (21 bytes)
Event: 12,083 Thread 0x00007f5b1c0e6000 nmethod 2940 0x00007f5b0b726610 code [0x00007f5b0b7267a0, 0x00007f5b0b726858]
Event: 12,083 Thread 0x00007f5b1c0e6000 2996       4       javax.vecmath.Tuple3f::set (16 bytes)
Event: 12,084 Thread 0x00007f5b1c0e6000 nmethod 2996 0x00007f5b0b726910 code [0x00007f5b0b726aa0, 0x00007f5b0b726b18]
Event: 12,085 Thread 0x00007f5b1c0e6000 2980       4       com.jme3.math.Triangle::get (45 bytes)
Event: 12,085 Thread 0x00007f5b1c0e6000 nmethod 2980 0x00007f5b0b726b90 code [0x00007f5b0b726d20, 0x00007f5b0b726db8]
Event: 12,095 Thread 0x00007f5b1c0e6000 3031       4       com.jme3.util.SortUtil::msort (48 bytes)
Event: 12,144 Thread 0x00007f5b1c0e8000 3032       3       com.jme3.audio.lwjgl.LwjglAudioRenderer::updateInThread (340 bytes)
Event: 12,146 Thread 0x00007f5b1c0e8000 nmethod 3032 0x00007f5b04648410 code [0x00007f5b04648760, 0x00007f5b04649b38]

GC Heap History (10 events):
Event: 4,452 GC heap before
{Heap before GC invocations=5 (full 0):
 garbage-first heap   total 30720K, used 14075K [0x00000000e3800000, 0x0000000100000000)
  region size 1024K, 8 young (8192K), 1 survivors (1024K)
 Metaspace       used 25032K, capacity 25610K, committed 25984K, reserved 1073152K
  class space    used 2627K, capacity 2941K, committed 2944K, reserved 1048576K
}
Event: 4,466 GC heap after
{Heap after GC invocations=6 (full 0):
 garbage-first heap   total 36864K, used 8733K [0x00000000e3800000, 0x0000000100000000)
  region size 1024K, 1 young (1024K), 1 survivors (1024K)
 Metaspace       used 25032K, capacity 25610K, committed 25984K, reserved 1073152K
  class space    used 2627K, capacity 2941K, committed 2944K, reserved 1048576K
}
Event: 5,203 GC heap before
{Heap before GC invocations=6 (full 0):
 garbage-first heap   total 36864K, used 17949K [0x00000000e3800000, 0x0000000100000000)
  region size 1024K, 10 young (10240K), 1 survivors (1024K)
 Metaspace       used 28326K, capacity 28917K, committed 29440K, reserved 1075200K
  class space    used 2906K, capacity 3206K, committed 3328K, reserved 1048576K
}
Event: 5,213 GC heap after
{Heap after GC invocations=7 (full 0):
 garbage-first heap   total 36864K, used 9434K [0x00000000e3800000, 0x0000000100000000)
  region size 1024K, 2 young (2048K), 2 survivors (2048K)
 Metaspace       used 28326K, capacity 28917K, committed 29440K, reserved 1075200K
  class space    used 2906K, capacity 3206K, committed 3328K, reserved 1048576K
}
Event: 5,876 GC heap before
{Heap before GC invocations=7 (full 0):
 garbage-first heap   total 36864K, used 19674K [0x00000000e3800000, 0x0000000100000000)
  region size 1024K, 12 young (12288K), 2 survivors (2048K)
 Metaspace       used 31592K, capacity 32250K, committed 32512K, reserved 1079296K
  class space    used 3246K, capacity 3565K, committed 3584K, reserved 1048576K
}
Event: 5,883 GC heap after
{Heap after GC invocations=8 (full 0):
 garbage-first heap   total 36864K, used 10037K [0x00000000e3800000, 0x0000000100000000)
  region size 1024K, 2 young (2048K), 2 survivors (2048K)
 Metaspace       used 31592K, capacity 32250K, committed 32512K, reserved 1079296K
  class space    used 3246K, capacity 3565K, committed 3584K, reserved 1048576K
}
Event: 6,324 GC heap before
{Heap before GC invocations=8 (full 0):
 garbage-first heap   total 36864K, used 28469K [0x00000000e3800000, 0x0000000100000000)
  region size 1024K, 12 young (12288K), 2 survivors (2048K)
 Metaspace       used 32531K, capacity 33116K, committed 33408K, reserved 1079296K
  class space    used 3351K, capacity 3661K, committed 3712K, reserved 1048576K
}
Event: 6,331 GC heap after
{Heap after GC invocations=9 (full 0):
 garbage-first heap   total 36864K, used 15151K [0x00000000e3800000, 0x0000000100000000)
  region size 1024K, 2 young (2048K), 2 survivors (2048K)
 Metaspace       used 32531K, capacity 33116K, committed 33408K, reserved 1079296K
  class space    used 3351K, capacity 3661K, committed 3712K, reserved 1048576K
}
Event: 11,772 GC heap before
{Heap before GC invocations=9 (full 0):
 garbage-first heap   total 36864K, used 25391K [0x00000000e3800000, 0x0000000100000000)
  region size 1024K, 11 young (11264K), 2 survivors (2048K)
 Metaspace       used 33817K, capacity 34428K, committed 34816K, reserved 1081344K
  class space    used 3429K, capacity 3757K, committed 3840K, reserved 1048576K
}
Event: 11,780 GC heap after
{Heap after GC invocations=10 (full 0):
 garbage-first heap   total 36864K, used 11203K [0x00000000e3800000, 0x0000000100000000)
  region size 1024K, 2 young (2048K), 2 survivors (2048K)
 Metaspace       used 33817K, capacity 34428K, committed 34816K, reserved 1081344K
  class space    used 3429K, capacity 3757K, committed 3840K, reserved 1048576K
}

Deoptimization events (10 events):
Event: 10,589 Thread 0x00007f5b1c4a5000 Uncommon trap: reason=array_check action=maybe_recompile pc=0x00007f5b0b707c98 method=com.jme3.util.SortUtil.merge([Ljava/lang/Object;[Ljava/lang/Object;IIILjava/util/Comparator;)V @ 56 c2
Event: 10,591 Thread 0x00007f5b1c4a5000 Uncommon trap: reason=array_check action=maybe_recompile pc=0x00007f5b0b707c98 method=com.jme3.util.SortUtil.merge([Ljava/lang/Object;[Ljava/lang/Object;IIILjava/util/Comparator;)V @ 56 c2
Event: 10,607 Thread 0x00007f5b1c535800 Uncommon trap: reason=unstable_if action=reinterpret pc=0x00007f5b0b6f92fc method=com.jme3.scene.Spatial.checkDoTransformUpdate()V @ 6 c2
Event: 10,610 Thread 0x00007f5b1c537000 Uncommon trap: reason=unstable_if action=reinterpret pc=0x00007f5b0b700878 method=com.jme3.util.SafeArrayList.getArray()[Ljava/lang/Object; @ 4 c2
Event: 10,628 Thread 0x00007f5b1c4a5000 Uncommon trap: reason=null_check action=make_not_entrant pc=0x00007f5b0b7045d4 method=com.jme3.shader.Shader.getUniform(Ljava/lang/String;)Lcom/jme3/shader/Uniform; @ 8 c2
Event: 10,628 Thread 0x00007f5b1c4a5000 Uncommon trap: reason=unstable_if action=reinterpret pc=0x00007f5b0b6fa244 method=com.jme3.shader.Uniform.setValue(Lcom/jme3/shader/VarType;Ljava/lang/Object;)V @ 13 c2
Event: 10,631 Thread 0x00007f5b1c4a5000 Uncommon trap: reason=null_check action=make_not_entrant pc=0x00007f5b0b6ff300 method=com.jme3.shader.Shader.getAttribute(Lcom/jme3/scene/VertexBuffer$Type;)Lcom/jme3/shader/Attribute; @ 13 c2
Event: 11,718 Thread 0x00007f5b1c535800 Uncommon trap: reason=unstable_if action=reinterpret pc=0x00007f5b0b6ccfe4 method=com.jme3.math.Vector3f.cross(FFFLcom/jme3/math/Vector3f;)Lcom/jme3/math/Vector3f; @ 2 c2
Event: 12,093 Thread 0x00007f5b1c4a5000 Uncommon trap: reason=predicate action=maybe_recompile pc=0x00007f5b0b72067c method=com.jme3.util.SortUtil.merge([Ljava/lang/Object;[Ljava/lang/Object;IIILjava/util/Comparator;)V @ 104 c2
Event: 12,093 Thread 0x00007f5b1c4a5000 Uncommon trap: reason=predicate action=maybe_recompile pc=0x00007f5b0b720938 method=com.jme3.util.SortUtil.merge([Ljava/lang/Object;[Ljava/lang/Object;IIILjava/util/Comparator;)V @ 104 c2

Classes redefined (0 events):
No events

Internal exceptions (10 events):
Event: 5,521 Thread 0x00007f5af474e800 Exception <a 'java/security/PrivilegedActionException'{0x00000000e55b19e0}> (0x00000000e55b19e0) thrown at [/build/openjdk-lts-tXWsoM/openjdk-lts-10.0.1+10/src/hotspot/share/prims/jvm.cpp, line 1345]
Event: 5,521 Thread 0x00007f5af474e800 Exception <a 'java/security/PrivilegedActionException'{0x00000000e55b2560}> (0x00000000e55b2560) thrown at [/build/openjdk-lts-tXWsoM/openjdk-lts-10.0.1+10/src/hotspot/share/prims/jvm.cpp, line 1345]
Event: 5,522 Thread 0x00007f5af474e800 Exception <a 'java/security/PrivilegedActionException'{0x00000000e55b3e38}> (0x00000000e55b3e38) thrown at [/build/openjdk-lts-tXWsoM/openjdk-lts-10.0.1+10/src/hotspot/share/prims/jvm.cpp, line 1345]
Event: 5,522 Thread 0x00007f5af474e800 Exception <a 'java/security/PrivilegedActionException'{0x00000000e55b49f8}> (0x00000000e55b49f8) thrown at [/build/openjdk-lts-tXWsoM/openjdk-lts-10.0.1+10/src/hotspot/share/prims/jvm.cpp, line 1345]
Event: 5,522 Thread 0x00007f5af474e800 Exception <a 'java/security/PrivilegedActionException'{0x00000000e55b5578}> (0x00000000e55b5578) thrown at [/build/openjdk-lts-tXWsoM/openjdk-lts-10.0.1+10/src/hotspot/share/prims/jvm.cpp, line 1345]
Event: 5,522 Thread 0x00007f5af474e800 Exception <a 'java/security/PrivilegedActionException'{0x00000000e55b6e68}> (0x00000000e55b6e68) thrown at [/build/openjdk-lts-tXWsoM/openjdk-lts-10.0.1+10/src/hotspot/share/prims/jvm.cpp, line 1345]
Event: 5,522 Thread 0x00007f5af474e800 Exception <a 'java/security/PrivilegedActionException'{0x00000000e55b7a28}> (0x00000000e55b7a28) thrown at [/build/openjdk-lts-tXWsoM/openjdk-lts-10.0.1+10/src/hotspot/share/prims/jvm.cpp, line 1345]
Event: 5,522 Thread 0x00007f5af474e800 Exception <a 'java/security/PrivilegedActionException'{0x00000000e55b85a8}> (0x00000000e55b85a8) thrown at [/build/openjdk-lts-tXWsoM/openjdk-lts-10.0.1+10/src/hotspot/share/prims/jvm.cpp, line 1345]
Event: 7,158 Thread 0x00007f5b1c4a5000 Implicit null exception at 0x00007f5b0b680225 to 0x00007f5b0b683522
Event: 10,628 Thread 0x00007f5b1c4a5000 Implicit null exception at 0x00007f5b0b7044d8 to 0x00007f5b0b7045ca

Events (10 events):
Event: 11,862 loading class sma/InterestPoint
Event: 11,862 loading class sma/InterestPoint done
Event: 11,874 loading class jdk/internal/math/FDBigInteger
Event: 11,875 loading class jdk/internal/math/FDBigInteger done
Event: 12,093 Thread 0x00007f5b1c4a5000 Uncommon trap: trap_request=0xffffff86 fr.pc=0x00007f5b0b72067c relative=0x000000000000485c
Event: 12,093 Thread 0x00007f5b1c4a5000 DEOPT PACKING pc=0x00007f5b0b72067c sp=0x00007f5ac0dc6330
Event: 12,093 Thread 0x00007f5b1c4a5000 DEOPT UNPACKING pc=0x00007f5b03b4ef25 sp=0x00007f5ac0dc62c0 mode 2
Event: 12,093 Thread 0x00007f5b1c4a5000 Uncommon trap: trap_request=0xffffff86 fr.pc=0x00007f5b0b720938 relative=0x0000000000004b18
Event: 12,093 Thread 0x00007f5b1c4a5000 DEOPT PACKING pc=0x00007f5b0b720938 sp=0x00007f5ac0dc6400
Event: 12,093 Thread 0x00007f5b1c4a5000 DEOPT UNPACKING pc=0x00007f5b03b4ef25 sp=0x00007f5ac0dc6308 mode 2


Dynamic libraries:
e3800000-e5c00000 rw-p 00000000 00:00 0 
e5c00000-100000000 ---p 00000000 00:00 0 
100000000-1003c0000 rw-p 00000000 00:00 0 
1003c0000-140000000 ---p 00000000 00:00 0 
55df2f87c000-55df2f87d000 r-xp 00000000 08:01 525078                     /usr/lib/jvm/java-11-openjdk-amd64/bin/java
55df2fa7d000-55df2fa7e000 r--p 00001000 08:01 525078                     /usr/lib/jvm/java-11-openjdk-amd64/bin/java
55df2fa7e000-55df2fa7f000 rw-p 00002000 08:01 525078                     /usr/lib/jvm/java-11-openjdk-amd64/bin/java
55df308da000-55df30a66000 rw-p 00000000 00:00 0                          [heap]
7f5aa0e46000-7f5aa0ec5000 r-xp 00000000 08:01 532751                     /usr/lib/x86_64-linux-gnu/libgmp.so.10.3.2
7f5aa0ec5000-7f5aa10c5000 ---p 0007f000 08:01 532751                     /usr/lib/x86_64-linux-gnu/libgmp.so.10.3.2
7f5aa10c5000-7f5aa10c6000 r--p 0007f000 08:01 532751                     /usr/lib/x86_64-linux-gnu/libgmp.so.10.3.2
7f5aa10c6000-7f5aa10c7000 rw-p 00080000 08:01 532751                     /usr/lib/x86_64-linux-gnu/libgmp.so.10.3.2
7f5aa10c7000-7f5aa11fd000 r-xp 00000000 08:01 429136                     /usr/lib/libswipl.so.7.6.4
7f5aa11fd000-7f5aa13fc000 ---p 00136000 08:01 429136                     /usr/lib/libswipl.so.7.6.4
7f5aa13fc000-7f5aa140f000 r--p 00135000 08:01 429136                     /usr/lib/libswipl.so.7.6.4
7f5aa140f000-7f5aa1412000 rw-p 00148000 08:01 429136                     /usr/lib/libswipl.so.7.6.4
7f5aa1412000-7f5aa1418000 rw-p 00000000 00:00 0 
7f5aa1418000-7f5aa1427000 r-xp 00000000 08:01 158236                     /usr/lib/swi-prolog/lib/amd64/libjpl.so
7f5aa1427000-7f5aa1626000 ---p 0000f000 08:01 158236                     /usr/lib/swi-prolog/lib/amd64/libjpl.so
7f5aa1626000-7f5aa1627000 r--p 0000e000 08:01 158236                     /usr/lib/swi-prolog/lib/amd64/libjpl.so
7f5aa1627000-7f5aa1628000 rw-p 0000f000 08:01 158236                     /usr/lib/swi-prolog/lib/amd64/libjpl.so
7f5aa1628000-7f5aa1668000 rw-p 00000000 00:00 0 
7f5aa1668000-7f5aa1828000 ---p 00000000 00:00 0 
7f5aa1828000-7f5aa1d7e000 rw-p 00000000 00:00 0 
7f5aa1d7e000-7f5aa277e000 rwxp 00000000 00:00 0 
7f5aa277e000-7f5aa2fd5000 rw-p 00000000 00:00 0 
7f5aa2fd5000-7f5aa303c000 r-xp 00000000 08:01 532982                     /usr/lib/x86_64-linux-gnu/libjpeg.so.8.1.2
7f5aa303c000-7f5aa323b000 ---p 00067000 08:01 532982                     /usr/lib/x86_64-linux-gnu/libjpeg.so.8.1.2
7f5aa323b000-7f5aa323c000 r--p 00066000 08:01 532982                     /usr/lib/x86_64-linux-gnu/libjpeg.so.8.1.2
7f5aa323c000-7f5aa323d000 rw-p 00067000 08:01 532982                     /usr/lib/x86_64-linux-gnu/libjpeg.so.8.1.2
7f5aa323d000-7f5aa3247000 r-xp 00000000 08:01 525469                     /usr/lib/jvm/java-11-openjdk-amd64/lib/libjavajpeg.so
7f5aa3247000-7f5aa3447000 ---p 0000a000 08:01 525469                     /usr/lib/jvm/java-11-openjdk-amd64/lib/libjavajpeg.so
7f5aa3447000-7f5aa3448000 r--p 0000a000 08:01 525469                     /usr/lib/jvm/java-11-openjdk-amd64/lib/libjavajpeg.so
7f5aa3448000-7f5aa3449000 rw-p 0000b000 08:01 525469                     /usr/lib/jvm/java-11-openjdk-amd64/lib/libjavajpeg.so
7f5aa3449000-7f5aa394a000 rw-p 00000000 00:00 0 
7f5aa394a000-7f5aa394b000 ---p 00000000 00:00 0 
7f5aa394b000-7f5aa3a4b000 rw-p 00000000 00:00 0 
7f5aa3a4b000-7f5aa7a4b000 rw-s 00000000 00:05 36880                      /memfd:pulseaudio (deleted)
7f5aa7a4b000-7f5aaba4b000 rw-s 00000000 00:05 24173                      /memfd:pulseaudio (deleted)
7f5aaba4b000-7f5aafa4b000 rw-s 00000000 00:05 36877                      /memfd:pulseaudio (deleted)
7f5aafa4b000-7f5ab3a4b000 rw-s 00000000 00:05 36877                      /memfd:pulseaudio (deleted)
7f5ab3a4b000-7f5ab3a4c000 ---p 00000000 00:00 0 
7f5ab3a4c000-7f5ab424c000 rw-p 00000000 00:00 0 
7f5ab424c000-7f5ab4260000 r-xp 00000000 08:01 267906                     /lib/x86_64-linux-gnu/libgpg-error.so.0.22.0
7f5ab4260000-7f5ab445f000 ---p 00014000 08:01 267906                     /lib/x86_64-linux-gnu/libgpg-error.so.0.22.0
7f5ab445f000-7f5ab4460000 r--p 00013000 08:01 267906                     /lib/x86_64-linux-gnu/libgpg-error.so.0.22.0
7f5ab4460000-7f5ab4461000 rw-p 00014000 08:01 267906                     /lib/x86_64-linux-gnu/libgpg-error.so.0.22.0
7f5ab4461000-7f5ab44ee000 r-xp 00000000 08:01 533472                     /usr/lib/x86_64-linux-gnu/libvorbisenc.so.2.0.11
7f5ab44ee000-7f5ab46ed000 ---p 0008d000 08:01 533472                     /usr/lib/x86_64-linux-gnu/libvorbisenc.so.2.0.11
7f5ab46ed000-7f5ab4709000 r--p 0008c000 08:01 533472                     /usr/lib/x86_64-linux-gnu/libvorbisenc.so.2.0.11
7f5ab4709000-7f5ab470a000 rw-p 000a8000 08:01 533472                     /usr/lib/x86_64-linux-gnu/libvorbisenc.so.2.0.11
7f5ab470a000-7f5ab4734000 r-xp 00000000 08:01 533470                     /usr/lib/x86_64-linux-gnu/libvorbis.so.0.4.8
7f5ab4734000-7f5ab4933000 ---p 0002a000 08:01 533470                     /usr/lib/x86_64-linux-gnu/libvorbis.so.0.4.8
7f5ab4933000-7f5ab4934000 r--p 00029000 08:01 533470                     /usr/lib/x86_64-linux-gnu/libvorbis.so.0.4.8
7f5ab4934000-7f5ab4935000 rw-p 0002a000 08:01 533470                     /usr/lib/x86_64-linux-gnu/libvorbis.so.0.4.8
7f5ab4935000-7f5ab493c000 r-xp 00000000 08:01 533129                     /usr/lib/x86_64-linux-gnu/libogg.so.0.8.2
7f5ab493c000-7f5ab4b3c000 ---p 00007000 08:01 533129                     /usr/lib/x86_64-linux-gnu/libogg.so.0.8.2
7f5ab4b3c000-7f5ab4b3d000 r--p 00007000 08:01 533129                     /usr/lib/x86_64-linux-gnu/libogg.so.0.8.2
7f5ab4b3d000-7f5ab4b3e000 rw-p 00008000 08:01 533129                     /usr/lib/x86_64-linux-gnu/libogg.so.0.8.2
7f5ab4b3e000-7f5ab4bb3000 r-xp 00000000 08:01 532150                     /usr/lib/x86_64-linux-gnu/libFLAC.so.8.3.0
7f5ab4bb3000-7f5ab4db3000 ---p 00075000 08:01 532150                     /usr/lib/x86_64-linux-gnu/libFLAC.so.8.3.0
7f5ab4db3000-7f5ab4db4000 r--p 00075000 08:01 532150                     /usr/lib/x86_64-linux-gnu/libFLAC.so.8.3.0
7f5ab4db4000-7f5ab4db5000 rw-p 00076000 08:01 532150                     /usr/lib/x86_64-linux-gnu/libFLAC.so.8.3.0
7f5ab4db5000-7f5ab4ec9000 r-xp 00000000 08:01 267904                     /lib/x86_64-linux-gnu/libgcrypt.so.20.2.1
7f5ab4ec9000-7f5ab50c8000 ---p 00114000 08:01 267904                     /lib/x86_64-linux-gnu/libgcrypt.so.20.2.1
7f5ab50c8000-7f5ab50ca000 r--p 00113000 08:01 267904                     /lib/x86_64-linux-gnu/libgcrypt.so.20.2.1
7f5ab50ca000-7f5ab50cf000 rw-p 00115000 08:01 267904                     /lib/x86_64-linux-gnu/libgcrypt.so.20.2.1
7f5ab50cf000-7f5ab50d0000 rw-p 00000000 00:00 0 
7f5ab50d0000-7f5ab50eb000 r-xp 00000000 08:01 533028                     /usr/lib/x86_64-linux-gnu/liblz4.so.1.7.1
7f5ab50eb000-7f5ab52ea000 ---p 0001b000 08:01 533028                     /usr/lib/x86_64-linux-gnu/liblz4.so.1.7.1
7f5ab52ea000-7f5ab52eb000 r--p 0001a000 08:01 533028                     /usr/lib/x86_64-linux-gnu/liblz4.so.1.7.1
7f5ab52eb000-7f5ab52ec000 rw-p 0001b000 08:01 533028                     /usr/lib/x86_64-linux-gnu/liblz4.so.1.7.1
7f5ab52ec000-7f5ab5310000 r-xp 00000000 08:01 267925                     /lib/x86_64-linux-gnu/liblzma.so.5.2.2
7f5ab5310000-7f5ab5510000 ---p 00024000 08:01 267925                     /lib/x86_64-linux-gnu/liblzma.so.5.2.2
7f5ab5510000-7f5ab5511000 r--p 00024000 08:01 267925                     /lib/x86_64-linux-gnu/liblzma.so.5.2.2
7f5ab5511000-7f5ab5512000 rw-p 00025000 08:01 267925                     /lib/x86_64-linux-gnu/liblzma.so.5.2.2
7f5ab5512000-7f5ab5517000 r-xp 00000000 08:01 532318                     /usr/lib/x86_64-linux-gnu/libasyncns.so.0.3.1
7f5ab5517000-7f5ab5716000 ---p 00005000 08:01 532318                     /usr/lib/x86_64-linux-gnu/libasyncns.so.0.3.1
7f5ab5716000-7f5ab5717000 r--p 00004000 08:01 532318                     /usr/lib/x86_64-linux-gnu/libasyncns.so.0.3.1
7f5ab5717000-7f5ab5718000 rw-p 00005000 08:01 532318                     /usr/lib/x86_64-linux-gnu/libasyncns.so.0.3.1
7f5ab5718000-7f5ab578c000 r-xp 00000000 08:01 533331                     /usr/lib/x86_64-linux-gnu/libsndfile.so.1.0.28
7f5ab578c000-7f5ab598b000 ---p 00074000 08:01 533331                     /usr/lib/x86_64-linux-gnu/libsndfile.so.1.0.28
7f5ab598b000-7f5ab598e000 r--p 00073000 08:01 533331                     /usr/lib/x86_64-linux-gnu/libsndfile.so.1.0.28
7f5ab598e000-7f5ab598f000 rw-p 00076000 08:01 533331                     /usr/lib/x86_64-linux-gnu/libsndfile.so.1.0.28
7f5ab598f000-7f5ab5991000 rw-p 00000000 00:00 0 
7f5ab5991000-7f5ab5999000 r-xp 00000000 08:01 268037                     /lib/x86_64-linux-gnu/libwrap.so.0.7.6
7f5ab5999000-7f5ab5b99000 ---p 00008000 08:01 268037                     /lib/x86_64-linux-gnu/libwrap.so.0.7.6
7f5ab5b99000-7f5ab5b9a000 r--p 00008000 08:01 268037                     /lib/x86_64-linux-gnu/libwrap.so.0.7.6
7f5ab5b9a000-7f5ab5b9b000 rw-p 00009000 08:01 268037                     /lib/x86_64-linux-gnu/libwrap.so.0.7.6
7f5ab5b9b000-7f5ab5c1b000 r-xp 00000000 08:01 268019                     /lib/x86_64-linux-gnu/libsystemd.so.0.21.0
7f5ab5c1b000-7f5ab5e1a000 ---p 00080000 08:01 268019                     /lib/x86_64-linux-gnu/libsystemd.so.0.21.0
7f5ab5e1a000-7f5ab5e1d000 r--p 0007f000 08:01 268019                     /lib/x86_64-linux-gnu/libsystemd.so.0.21.0
7f5ab5e1d000-7f5ab5e1e000 rw-p 00082000 08:01 268019                     /lib/x86_64-linux-gnu/libsystemd.so.0.21.0
7f5ab5e1e000-7f5ab5e1f000 rw-p 00000000 00:00 0 
7f5ab5e1f000-7f5ab5e6a000 r-xp 00000000 08:01 267880                     /lib/x86_64-linux-gnu/libdbus-1.so.3.19.4
7f5ab5e6a000-7f5ab606a000 ---p 0004b000 08:01 267880                     /lib/x86_64-linux-gnu/libdbus-1.so.3.19.4
7f5ab606a000-7f5ab606b000 r--p 0004b000 08:01 267880                     /lib/x86_64-linux-gnu/libdbus-1.so.3.19.4
7f5ab606b000-7f5ab606c000 rw-p 0004c000 08:01 267880                     /lib/x86_64-linux-gnu/libdbus-1.so.3.19.4
7f5ab606c000-7f5ab60e8000 r-xp 00000000 08:01 663146                     /usr/lib/x86_64-linux-gnu/pulseaudio/libpulsecommon-11.1.so
7f5ab60e8000-7f5ab62e7000 ---p 0007c000 08:01 663146                     /usr/lib/x86_64-linux-gnu/pulseaudio/libpulsecommon-11.1.so
7f5ab62e7000-7f5ab62e9000 r--p 0007b000 08:01 663146                     /usr/lib/x86_64-linux-gnu/pulseaudio/libpulsecommon-11.1.so
7f5ab62e9000-7f5ab62ea000 rw-p 0007d000 08:01 663146                     /usr/lib/x86_64-linux-gnu/pulseaudio/libpulsecommon-11.1.so
7f5ab62ea000-7f5ab6338000 r-xp 00000000 08:01 533230                     /usr/lib/x86_64-linux-gnu/libpulse.so.0.20.2
7f5ab6338000-7f5ab6537000 ---p 0004e000 08:01 533230                     /usr/lib/x86_64-linux-gnu/libpulse.so.0.20.2
7f5ab6537000-7f5ab6539000 r--p 0004d000 08:01 533230                     /usr/lib/x86_64-linux-gnu/libpulse.so.0.20.2
7f5ab6539000-7f5ab653a000 rw-p 0004f000 08:01 533230                     /usr/lib/x86_64-linux-gnu/libpulse.so.0.20.2
7f5ab653a000-7f5ab658c000 r-xp 00000000 08:01 927362                     /home/cmt/Documents/eclipse-workspace/Duel/libopenal64.so
7f5ab658c000-7f5ab678b000 ---p 00052000 08:01 927362                     /home/cmt/Documents/eclipse-workspace/Duel/libopenal64.so
7f5ab678b000-7f5ab678d000 r--p 00051000 08:01 927362                     /home/cmt/Documents/eclipse-workspace/Duel/libopenal64.so
7f5ab678d000-7f5ab678e000 rw-p 00053000 08:01 927362                     /home/cmt/Documents/eclipse-workspace/Duel/libopenal64.so
7f5ab678e000-7f5ab678f000 rw-p 00000000 00:00 0 
7f5ab678f000-7f5ab6793000 ---p 00000000 00:00 0 
7f5ab6793000-7f5ab6890000 rw-p 00000000 00:00 0 
7f5ab6890000-7f5ab6894000 ---p 00000000 00:00 0 
7f5ab6894000-7f5ab6991000 rw-p 00000000 00:00 0 
7f5ab6991000-7f5ab6995000 ---p 00000000 00:00 0 
7f5ab6995000-7f5ab6a92000 rw-p 00000000 00:00 0 
7f5ab6a92000-7f5ab6a96000 ---p 00000000 00:00 0 
7f5ab6a96000-7f5ab6b93000 rw-p 00000000 00:00 0 
7f5ab6b93000-7f5ab6b97000 ---p 00000000 00:00 0 
7f5ab6b97000-7f5ab6c94000 rw-p 00000000 00:00 0 
7f5ab6c94000-7f5ab6c98000 ---p 00000000 00:00 0 
7f5ab6c98000-7f5ab6d95000 rw-p 00000000 00:00 0 
7f5ab6d95000-7f5ab6d99000 ---p 00000000 00:00 0 
7f5ab6d99000-7f5ab7096000 rw-p 00000000 00:00 0 
7f5ab7096000-7f5ab709a000 ---p 00000000 00:00 0 
7f5ab709a000-7f5ab7197000 rw-p 00000000 00:00 0 
7f5ab7197000-7f5ab719b000 ---p 00000000 00:00 0 
7f5ab719b000-7f5ab7298000 rw-p 00000000 00:00 0 
7f5ab7298000-7f5ab729c000 ---p 00000000 00:00 0 
7f5ab729c000-7f5ab7599000 rw-p 00000000 00:00 0 
7f5ab7599000-7f5ab759a000 ---p 00000000 00:00 0 
7f5ab759a000-7f5ab7d9a000 rw-p 00000000 00:00 0 
7f5ab7d9a000-7f5ab7d9b000 ---p 00000000 00:00 0 
7f5ab7d9b000-7f5ab859b000 rw-p 00000000 00:00 0 
7f5ab859b000-7f5ab85c0000 r-xp 00000000 08:01 267937                     /lib/x86_64-linux-gnu/libtinfo.so.5.9
7f5ab85c0000-7f5ab87c0000 ---p 00025000 08:01 267937                     /lib/x86_64-linux-gnu/libtinfo.so.5.9
7f5ab87c0000-7f5ab87c4000 r--p 00025000 08:01 267937                     /lib/x86_64-linux-gnu/libtinfo.so.5.9
7f5ab87c4000-7f5ab87c5000 rw-p 00029000 08:01 267937                     /lib/x86_64-linux-gnu/libtinfo.so.5.9
7f5ab87c5000-7f5ab87f6000 r-xp 00000000 08:01 532580                     /usr/lib/x86_64-linux-gnu/libedit.so.2.0.56
7f5ab87f6000-7f5ab89f5000 ---p 00031000 08:01 532580                     /usr/lib/x86_64-linux-gnu/libedit.so.2.0.56
7f5ab89f5000-7f5ab89f7000 r--p 00030000 08:01 532580                     /usr/lib/x86_64-linux-gnu/libedit.so.2.0.56
7f5ab89f7000-7f5ab89f8000 rw-p 00032000 08:01 532580                     /usr/lib/x86_64-linux-gnu/libedit.so.2.0.56
7f5ab89f8000-7f5ab89fc000 rw-p 00000000 00:00 0 
7f5ab89fc000-7f5abc0be000 r-xp 00000000 08:01 532187                     /usr/lib/x86_64-linux-gnu/libLLVM-6.0.so.1
7f5abc0be000-7f5abc0bf000 ---p 036c2000 08:01 532187                     /usr/lib/x86_64-linux-gnu/libLLVM-6.0.so.1
7f5abc0bf000-7f5abc42f000 r--p 036c2000 08:01 532187                     /usr/lib/x86_64-linux-gnu/libLLVM-6.0.so.1
7f5abc42f000-7f5abc43d000 rw-p 03a32000 08:01 532187                     /usr/lib/x86_64-linux-gnu/libLLVM-6.0.so.1
7f5abc43d000-7f5abc498000 rw-p 00000000 00:00 0 
7f5abc498000-7f5abc4b1000 r-xp 00000000 08:01 532585                     /usr/lib/x86_64-linux-gnu/libelf-0.170.so
7f5abc4b1000-7f5abc6b0000 ---p 00019000 08:01 532585                     /usr/lib/x86_64-linux-gnu/libelf-0.170.so
7f5abc6b0000-7f5abc6b1000 r--p 00018000 08:01 532585                     /usr/lib/x86_64-linux-gnu/libelf-0.170.so
7f5abc6b1000-7f5abc6b2000 rw-p 00019000 08:01 532585                     /usr/lib/x86_64-linux-gnu/libelf-0.170.so
7f5abc6b2000-7f5abc6bb000 r-xp 00000000 08:01 532552                     /usr/lib/x86_64-linux-gnu/libdrm_amdgpu.so.1.0.0
7f5abc6bb000-7f5abc8ba000 ---p 00009000 08:01 532552                     /usr/lib/x86_64-linux-gnu/libdrm_amdgpu.so.1.0.0
7f5abc8ba000-7f5abc8bb000 r--p 00008000 08:01 532552                     /usr/lib/x86_64-linux-gnu/libdrm_amdgpu.so.1.0.0
7f5abc8bb000-7f5abc8bc000 rw-p 00009000 08:01 532552                     /usr/lib/x86_64-linux-gnu/libdrm_amdgpu.so.1.0.0
7f5abc8bc000-7f5abc8c7000 r-xp 00000000 08:01 532558                     /usr/lib/x86_64-linux-gnu/libdrm_radeon.so.1.0.1
7f5abc8c7000-7f5abcac6000 ---p 0000b000 08:01 532558                     /usr/lib/x86_64-linux-gnu/libdrm_radeon.so.1.0.1
7f5abcac6000-7f5abcac7000 r--p 0000a000 08:01 532558                     /usr/lib/x86_64-linux-gnu/libdrm_radeon.so.1.0.1
7f5abcac7000-7f5abcac8000 rw-p 0000b000 08:01 532558                     /usr/lib/x86_64-linux-gnu/libdrm_radeon.so.1.0.1
7f5abcac8000-7f5abcacf000 r-xp 00000000 08:01 532556                     /usr/lib/x86_64-linux-gnu/libdrm_nouveau.so.2.0.0
7f5abcacf000-7f5abccce000 ---p 00007000 08:01 532556                     /usr/lib/x86_64-linux-gnu/libdrm_nouveau.so.2.0.0
7f5abccce000-7f5abcccf000 r--p 00006000 08:01 532556                     /usr/lib/x86_64-linux-gnu/libdrm_nouveau.so.2.0.0
7f5abcccf000-7f5abccd0000 rw-p 00007000 08:01 532556                     /usr/lib/x86_64-linux-gnu/libdrm_nouveau.so.2.0.0
7f5abccd0000-7f5abccde000 r-xp 00000000 08:01 533310                     /usr/lib/x86_64-linux-gnu/libsensors.so.4.4.0
7f5abccde000-7f5abcedd000 ---p 0000e000 08:01 533310                     /usr/lib/x86_64-linux-gnu/libsensors.so.4.4.0
7f5abcedd000-7f5abcede000 r--p 0000d000 08:01 533310                     /usr/lib/x86_64-linux-gnu/libsensors.so.4.4.0
7f5abcede000-7f5abcedf000 rw-p 0000e000 08:01 533310                     /usr/lib/x86_64-linux-gnu/libsensors.so.4.4.0
7f5abcedf000-7f5abd967000 r-xp 00000000 08:01 660698                     /usr/lib/x86_64-linux-gnu/dri/swrast_dri.so
7f5abd967000-7f5abdb67000 ---p 00a88000 08:01 660698                     /usr/lib/x86_64-linux-gnu/dri/swrast_dri.so
7f5abdb67000-7f5abdbbc000 r--p 00a88000 08:01 660698                     /usr/lib/x86_64-linux-gnu/dri/swrast_dri.so
7f5abdbbc000-7f5abdbc5000 rw-p 00add000 08:01 660698                     /usr/lib/x86_64-linux-gnu/dri/swrast_dri.so
7f5abdbc5000-7f5abddbe000 rw-p 00000000 00:00 0 
7f5abddbe000-7f5abddc2000 ---p 00000000 00:00 0 
7f5abddc2000-7f5abdebf000 rw-p 00000000 00:00 0 
7f5abdebf000-7f5abdecf000 r-xp 00000000 08:01 532550                     /usr/lib/x86_64-linux-gnu/libdrm.so.2.4.0
7f5abdecf000-7f5abe0ce000 ---p 00010000 08:01 532550                     /usr/lib/x86_64-linux-gnu/libdrm.so.2.4.0
7f5abe0ce000-7f5abe0cf000 r--p 0000f000 08:01 532550                     /usr/lib/x86_64-linux-gnu/libdrm.so.2.4.0
7f5abe0cf000-7f5abe0d0000 rw-p 00010000 08:01 532550                     /usr/lib/x86_64-linux-gnu/libdrm.so.2.4.0
7f5abe0d0000-7f5abe0d4000 r-xp 00000000 08:01 533531                     /usr/lib/x86_64-linux-gnu/libxcb-dri2.so.0.0.0
7f5abe0d4000-7f5abe2d3000 ---p 00004000 08:01 533531                     /usr/lib/x86_64-linux-gnu/libxcb-dri2.so.0.0.0
7f5abe2d3000-7f5abe2d4000 r--p 00003000 08:01 533531                     /usr/lib/x86_64-linux-gnu/libxcb-dri2.so.0.0.0
7f5abe2d4000-7f5abe2d5000 rw-p 00004000 08:01 533531                     /usr/lib/x86_64-linux-gnu/libxcb-dri2.so.0.0.0
7f5abe2d5000-7f5abe2ed000 r-xp 00000000 08:01 533535                     /usr/lib/x86_64-linux-gnu/libxcb-glx.so.0.0.0
7f5abe2ed000-7f5abe4ed000 ---p 00018000 08:01 533535                     /usr/lib/x86_64-linux-gnu/libxcb-glx.so.0.0.0
7f5abe4ed000-7f5abe4ef000 r--p 00018000 08:01 533535                     /usr/lib/x86_64-linux-gnu/libxcb-glx.so.0.0.0
7f5abe4ef000-7f5abe4f0000 rw-p 0001a000 08:01 533535                     /usr/lib/x86_64-linux-gnu/libxcb-glx.so.0.0.0
7f5abe4f0000-7f5abe4f1000 r-xp 00000000 08:01 532224                     /usr/lib/x86_64-linux-gnu/libX11-xcb.so.1.0.0
7f5abe4f1000-7f5abe6f0000 ---p 00001000 08:01 532224                     /usr/lib/x86_64-linux-gnu/libX11-xcb.so.1.0.0
7f5abe6f0000-7f5abe6f1000 r--p 00000000 08:01 532224                     /usr/lib/x86_64-linux-gnu/libX11-xcb.so.1.0.0
7f5abe6f1000-7f5abe6f2000 rw-p 00001000 08:01 532224                     /usr/lib/x86_64-linux-gnu/libX11-xcb.so.1.0.0
7f5abe6f2000-7f5abe6f4000 r-xp 00000000 08:01 532239                     /usr/lib/x86_64-linux-gnu/libXdamage.so.1.1.0
7f5abe6f4000-7f5abe8f3000 ---p 00002000 08:01 532239                     /usr/lib/x86_64-linux-gnu/libXdamage.so.1.1.0
7f5abe8f3000-7f5abe8f4000 r--p 00001000 08:01 532239                     /usr/lib/x86_64-linux-gnu/libXdamage.so.1.1.0
7f5abe8f4000-7f5abe8f5000 rw-p 00002000 08:01 532239                     /usr/lib/x86_64-linux-gnu/libXdamage.so.1.1.0
7f5abe8f5000-7f5abe921000 r-xp 00000000 08:01 532735                     /usr/lib/x86_64-linux-gnu/libglapi.so.0.0.0
7f5abe921000-7f5abeb20000 ---p 0002c000 08:01 532735                     /usr/lib/x86_64-linux-gnu/libglapi.so.0.0.0
7f5abeb20000-7f5abeb24000 r--p 0002b000 08:01 532735                     /usr/lib/x86_64-linux-gnu/libglapi.so.0.0.0
7f5abeb24000-7f5abeb25000 rw-p 0002f000 08:01 532735                     /usr/lib/x86_64-linux-gnu/libglapi.so.0.0.0
7f5abeb25000-7f5abeb26000 rw-p 00000000 00:00 0 
7f5abeb26000-7f5abeb27000 r-xp 00000000 08:01 533608                     /usr/lib/x86_64-linux-gnu/libxshmfence.so.1.0.0
7f5abeb27000-7f5abed26000 ---p 00001000 08:01 533608                     /usr/lib/x86_64-linux-gnu/libxshmfence.so.1.0.0
7f5abed26000-7f5abed27000 r--p 00000000 08:01 533608                     /usr/lib/x86_64-linux-gnu/libxshmfence.so.1.0.0
7f5abed27000-7f5abed28000 rw-p 00001000 08:01 533608                     /usr/lib/x86_64-linux-gnu/libxshmfence.so.1.0.0
7f5abed28000-7f5abed2d000 r-xp 00000000 08:01 533555                     /usr/lib/x86_64-linux-gnu/libxcb-sync.so.1.0.0
7f5abed2d000-7f5abef2d000 ---p 00005000 08:01 533555                     /usr/lib/x86_64-linux-gnu/libxcb-sync.so.1.0.0
7f5abef2d000-7f5abef2e000 r--p 00005000 08:01 533555                     /usr/lib/x86_64-linux-gnu/libxcb-sync.so.1.0.0
7f5abef2e000-7f5abef2f000 rw-p 00006000 08:01 533555                     /usr/lib/x86_64-linux-gnu/libxcb-sync.so.1.0.0
7f5abef2f000-7f5abef31000 r-xp 00000000 08:01 533543                     /usr/lib/x86_64-linux-gnu/libxcb-present.so.0.0.0
7f5abef31000-7f5abf130000 ---p 00002000 08:01 533543                     /usr/lib/x86_64-linux-gnu/libxcb-present.so.0.0.0
7f5abf130000-7f5abf131000 r--p 00001000 08:01 533543                     /usr/lib/x86_64-linux-gnu/libxcb-present.so.0.0.0
7f5abf131000-7f5abf132000 rw-p 00002000 08:01 533543                     /usr/lib/x86_64-linux-gnu/libxcb-present.so.0.0.0
7f5abf132000-7f5abf135000 r-xp 00000000 08:01 533533                     /usr/lib/x86_64-linux-gnu/libxcb-dri3.so.0.0.0
7f5abf135000-7f5abf334000 ---p 00003000 08:01 533533                     /usr/lib/x86_64-linux-gnu/libxcb-dri3.so.0.0.0
7f5abf334000-7f5abf335000 r--p 00002000 08:01 533533                     /usr/lib/x86_64-linux-gnu/libxcb-dri3.so.0.0.0
7f5abf335000-7f5abf336000 rw-p 00003000 08:01 533533                     /usr/lib/x86_64-linux-gnu/libxcb-dri3.so.0.0.0
7f5abf336000-7f5abf365000 r-xp 00000000 08:01 267895                     /lib/x86_64-linux-gnu/libexpat.so.1.6.7
7f5abf365000-7f5abf565000 ---p 0002f000 08:01 267895                     /lib/x86_64-linux-gnu/libexpat.so.1.6.7
7f5abf565000-7f5abf567000 r--p 0002f000 08:01 267895                     /lib/x86_64-linux-gnu/libexpat.so.1.6.7
7f5abf567000-7f5abf568000 rw-p 00031000 08:01 267895                     /lib/x86_64-linux-gnu/libexpat.so.1.6.7
7f5abf568000-7f5abf5d8000 r-xp 00000000 08:01 532161                     /usr/lib/x86_64-linux-gnu/libGLX_mesa.so.0.0.0
7f5abf5d8000-7f5abf7d7000 ---p 00070000 08:01 532161                     /usr/lib/x86_64-linux-gnu/libGLX_mesa.so.0.0.0
7f5abf7d7000-7f5abf7da000 r--p 0006f000 08:01 532161                     /usr/lib/x86_64-linux-gnu/libGLX_mesa.so.0.0.0
7f5abf7da000-7f5abf7db000 rw-p 00072000 08:01 532161                     /usr/lib/x86_64-linux-gnu/libGLX_mesa.so.0.0.0
7f5abf7db000-7f5abf7dc000 rw-p 00000000 00:00 0 
7f5abf7dc000-7f5abf7e0000 ---p 00000000 00:00 0 
7f5abf7e0000-7f5abf8dd000 rw-p 00000000 00:00 0 
7f5abf8dd000-7f5abf8e1000 ---p 00000000 00:00 0 
7f5abf8e1000-7f5abf9de000 rw-p 00000000 00:00 0 
7f5abf9de000-7f5abf9df000 r-xp 00000000 08:01 525461                     /usr/lib/jvm/java-11-openjdk-amd64/lib/libextnet.so
7f5abf9df000-7f5abfbde000 ---p 00001000 08:01 525461                     /usr/lib/jvm/java-11-openjdk-amd64/lib/libextnet.so
7f5abfbde000-7f5abfbdf000 r--p 00000000 08:01 525461                     /usr/lib/jvm/java-11-openjdk-amd64/lib/libextnet.so
7f5abfbdf000-7f5abfbe0000 rw-p 00001000 08:01 525461                     /usr/lib/jvm/java-11-openjdk-amd64/lib/libextnet.so
7f5abfbe0000-7f5abfc4e000 r-xp 00000000 08:01 532163                     /usr/lib/x86_64-linux-gnu/libGLdispatch.so.0.0.0
7f5abfc4e000-7f5abfe4d000 ---p 0006e000 08:01 532163                     /usr/lib/x86_64-linux-gnu/libGLdispatch.so.0.0.0
7f5abfe4d000-7f5abfe75000 r--p 0006d000 08:01 532163                     /usr/lib/x86_64-linux-gnu/libGLdispatch.so.0.0.0
7f5abfe75000-7f5abfe76000 rw-p 00095000 08:01 532163                     /usr/lib/x86_64-linux-gnu/libGLdispatch.so.0.0.0
7f5abfe76000-7f5abfe96000 rw-p 00000000 00:00 0 
7f5abfe96000-7f5abfea6000 r-xp 00000000 08:01 532158                     /usr/lib/x86_64-linux-gnu/libGLX.so.0.0.0
7f5abfea6000-7f5ac00a5000 ---p 00010000 08:01 532158                     /usr/lib/x86_64-linux-gnu/libGLX.so.0.0.0
7f5ac00a5000-7f5ac00a6000 r--p 0000f000 08:01 532158                     /usr/lib/x86_64-linux-gnu/libGLX.so.0.0.0
7f5ac00a6000-7f5ac00a7000 rw-p 00010000 08:01 532158                     /usr/lib/x86_64-linux-gnu/libGLX.so.0.0.0
7f5ac00a7000-7f5ac00c7000 rw-p 00000000 00:00 0 
7f5ac00c7000-7f5ac0138000 r-xp 00000000 08:01 532152                     /usr/lib/x86_64-linux-gnu/libGL.so.1.0.0
7f5ac0138000-7f5ac0337000 ---p 00071000 08:01 532152                     /usr/lib/x86_64-linux-gnu/libGL.so.1.0.0
7f5ac0337000-7f5ac0351000 r--p 00070000 08:01 532152                     /usr/lib/x86_64-linux-gnu/libGL.so.1.0.0
7f5ac0351000-7f5ac0352000 rw-p 0008a000 08:01 532152                     /usr/lib/x86_64-linux-gnu/libGL.so.1.0.0
7f5ac0352000-7f5ac0553000 rw-p 00000000 00:00 0 
7f5ac0553000-7f5ac0557000 ---p 00000000 00:00 0 
7f5ac0557000-7f5ac0654000 rw-p 00000000 00:00 0 
7f5ac0654000-7f5ac0659000 r-xp 00000000 08:01 532279                     /usr/lib/x86_64-linux-gnu/libXxf86vm.so.1.0.0
7f5ac0659000-7f5ac0858000 ---p 00005000 08:01 532279                     /usr/lib/x86_64-linux-gnu/libXxf86vm.so.1.0.0
7f5ac0858000-7f5ac0859000 r--p 00004000 08:01 532279                     /usr/lib/x86_64-linux-gnu/libXxf86vm.so.1.0.0
7f5ac0859000-7f5ac085a000 rw-p 00005000 08:01 532279                     /usr/lib/x86_64-linux-gnu/libXxf86vm.so.1.0.0
7f5ac085a000-7f5ac08c2000 r-xp 00000000 08:01 927361                     /home/cmt/Documents/eclipse-workspace/Duel/liblwjgl64.so
7f5ac08c2000-7f5ac0ac2000 ---p 00068000 08:01 927361                     /home/cmt/Documents/eclipse-workspace/Duel/liblwjgl64.so
7f5ac0ac2000-7f5ac0ac4000 r--p 00068000 08:01 927361                     /home/cmt/Documents/eclipse-workspace/Duel/liblwjgl64.so
7f5ac0ac4000-7f5ac0ac5000 rw-p 0006a000 08:01 927361                     /home/cmt/Documents/eclipse-workspace/Duel/liblwjgl64.so
7f5ac0ac5000-7f5ac0ac6000 r-xp 00000000 08:01 525470                     /usr/lib/jvm/java-11-openjdk-amd64/lib/libjawt.so
7f5ac0ac6000-7f5ac0cc5000 ---p 00001000 08:01 525470                     /usr/lib/jvm/java-11-openjdk-amd64/lib/libjawt.so
7f5ac0cc5000-7f5ac0cc6000 r--p 00000000 08:01 525470                     /usr/lib/jvm/java-11-openjdk-amd64/lib/libjawt.so
7f5ac0cc6000-7f5ac0cc7000 rw-p 00001000 08:01 525470                     /usr/lib/jvm/java-11-openjdk-amd64/lib/libjawt.so
7f5ac0cc7000-7f5ac0ccb000 ---p 00000000 00:00 0 
7f5ac0ccb000-7f5ac0fc8000 rw-p 00000000 00:00 0 
7f5ac0fc8000-7f5ac0fcc000 ---p 00000000 00:00 0 
7f5ac0fcc000-7f5ac10c9000 rw-p 00000000 00:00 0 
7f5ac10c9000-7f5ac11c9000 rw-s 00000000 00:05 2850823                    /SYSV00000000 (deleted)
7f5ac11c9000-7f5ac13c9000 rw-p 00000000 00:00 0 
7f5ac13c9000-7f5ac15c9000 rw-p 00000000 00:00 0 
7f5ac15c9000-7f5ac17c9000 rw-p 00000000 00:00 0 
7f5ac17c9000-7f5ac17cd000 ---p 00000000 00:00 0 
7f5ac17cd000-7f5ac1aca000 rw-p 00000000 00:00 0 
7f5ac1aca000-7f5ac1ace000 ---p 00000000 00:00 0 
7f5ac1ace000-7f5ac1bcb000 rw-p 00000000 00:00 0 
7f5ac1bcb000-7f5ac1bcc000 r-xp 00000000 08:01 525483                     /usr/lib/jvm/java-11-openjdk-amd64/lib/libprefs.so
7f5ac1bcc000-7f5ac1dcc000 ---p 00001000 08:01 525483                     /usr/lib/jvm/java-11-openjdk-amd64/lib/libprefs.so
7f5ac1dcc000-7f5ac1dcd000 r--p 00001000 08:01 525483                     /usr/lib/jvm/java-11-openjdk-amd64/lib/libprefs.so
7f5ac1dcd000-7f5ac1dce000 rw-p 00002000 08:01 525483                     /usr/lib/jvm/java-11-openjdk-amd64/lib/libprefs.so
7f5ac1dce000-7f5ac1fce000 rw-p 00000000 00:00 0 
7f5ac1fce000-7f5ac1fd2000 ---p 00000000 00:00 0 
7f5ac1fd2000-7f5ac20cf000 rw-p 00000000 00:00 0 
7f5ac20cf000-7f5ac20d3000 ---p 00000000 00:00 0 
7f5ac20d3000-7f5ac21d0000 rw-p 00000000 00:00 0 
7f5ac21d0000-7f5ac21d5000 r-xp 00000000 08:01 532245                     /usr/lib/x86_64-linux-gnu/libXfixes.so.3.1.0
7f5ac21d5000-7f5ac23d4000 ---p 00005000 08:01 532245                     /usr/lib/x86_64-linux-gnu/libXfixes.so.3.1.0
7f5ac23d4000-7f5ac23d5000 r--p 00004000 08:01 532245                     /usr/lib/x86_64-linux-gnu/libXfixes.so.3.1.0
7f5ac23d5000-7f5ac23d6000 rw-p 00005000 08:01 532245                     /usr/lib/x86_64-linux-gnu/libXfixes.so.3.1.0
7f5ac23d6000-7f5ac23df000 r-xp 00000000 08:01 532237                     /usr/lib/x86_64-linux-gnu/libXcursor.so.1.0.2
7f5ac23df000-7f5ac25de000 ---p 00009000 08:01 532237                     /usr/lib/x86_64-linux-gnu/libXcursor.so.1.0.2
7f5ac25de000-7f5ac25df000 r--p 00008000 08:01 532237                     /usr/lib/x86_64-linux-gnu/libXcursor.so.1.0.2
7f5ac25df000-7f5ac25e0000 rw-p 00009000 08:01 532237                     /usr/lib/x86_64-linux-gnu/libXcursor.so.1.0.2
7f5ac25e0000-7f5ac25e1000 ---p 00000000 00:00 0 
7f5ac25e1000-7f5ac2de1000 rw-p 00000000 00:00 0 
7f5ac2de1000-7f5ac2de2000 ---p 00000000 00:00 0 
7f5ac2de2000-7f5ac35e2000 rw-p 00000000 00:00 0 
7f5ac35e2000-7f5ac35e3000 ---p 00000000 00:00 0 
7f5ac35e3000-7f5ac3de3000 rw-p 00000000 00:00 0 
7f5ac3de3000-7f5ac3dfd000 r-xp 00000000 08:01 661462                     /usr/lib/x86_64-linux-gnu/gio/modules/libgioremote-volume-monitor.so
7f5ac3dfd000-7f5ac3ffc000 ---p 0001a000 08:01 661462                     /usr/lib/x86_64-linux-gnu/gio/modules/libgioremote-volume-monitor.so
7f5ac3ffc000-7f5ac3fff000 r--p 00019000 08:01 661462                     /usr/lib/x86_64-linux-gnu/gio/modules/libgioremote-volume-monitor.so
7f5ac3fff000-7f5ac4000000 rw-p 0001c000 08:01 661462                     /usr/lib/x86_64-linux-gnu/gio/modules/libgioremote-volume-monitor.so
7f5ac4000000-7f5ac4021000 rw-p 00000000 00:00 0 
7f5ac4021000-7f5ac8000000 ---p 00000000 00:00 0 
7f5ac80bc000-7f5ac80e7000 r--s 00000000 08:01 156317                     /usr/lib/swi-prolog/boot64.prc
7f5ac80e7000-7f5ac80eb000 ---p 00000000 00:00 0 
7f5ac80eb000-7f5ac81e8000 rw-p 00000000 00:00 0 
7f5ac81e8000-7f5ac821e000 r-xp 00000000 08:01 662032                     /usr/lib/x86_64-linux-gnu/gvfs/libgvfscommon.so
7f5ac821e000-7f5ac841e000 ---p 00036000 08:01 662032                     /usr/lib/x86_64-linux-gnu/gvfs/libgvfscommon.so
7f5ac841e000-7f5ac8424000 r--p 00036000 08:01 662032                     /usr/lib/x86_64-linux-gnu/gvfs/libgvfscommon.so
7f5ac8424000-7f5ac8425000 rw-p 0003c000 08:01 662032                     /usr/lib/x86_64-linux-gnu/gvfs/libgvfscommon.so
7f5ac8425000-7f5ac8456000 r-xp 00000000 08:01 661463                     /usr/lib/x86_64-linux-gnu/gio/modules/libgvfsdbus.so
7f5ac8456000-7f5ac8656000 ---p 00031000 08:01 661463                     /usr/lib/x86_64-linux-gnu/gio/modules/libgvfsdbus.so
7f5ac8656000-7f5ac8658000 r--p 00031000 08:01 661463                     /usr/lib/x86_64-linux-gnu/gio/modules/libgvfsdbus.so
7f5ac8658000-7f5ac8659000 rw-p 00033000 08:01 661463                     /usr/lib/x86_64-linux-gnu/gio/modules/libgvfsdbus.so
7f5ac8659000-7f5ac8665000 r-xp 00000000 08:01 661458                     /usr/lib/x86_64-linux-gnu/gio/modules/libdconfsettings.so
7f5ac8665000-7f5ac8864000 ---p 0000c000 08:01 661458                     /usr/lib/x86_64-linux-gnu/gio/modules/libdconfsettings.so
7f5ac8864000-7f5ac8865000 r--p 0000b000 08:01 661458                     /usr/lib/x86_64-linux-gnu/gio/modules/libdconfsettings.so
7f5ac8865000-7f5ac8866000 rw-p 0000c000 08:01 661458                     /usr/lib/x86_64-linux-gnu/gio/modules/libdconfsettings.so
7f5ac8866000-7f5ac886c000 r-xp 00000000 08:01 268035                     /lib/x86_64-linux-gnu/libuuid.so.1.3.0
7f5ac886c000-7f5ac8a6b000 ---p 00006000 08:01 268035                     /lib/x86_64-linux-gnu/libuuid.so.1.3.0
7f5ac8a6b000-7f5ac8a6c000 r--p 00005000 08:01 268035                     /lib/x86_64-linux-gnu/libuuid.so.1.3.0
7f5ac8a6c000-7f5ac8a6d000 rw-p 00006000 08:01 268035                     /lib/x86_64-linux-gnu/libuuid.so.1.3.0
7f5ac8a6d000-7f5ac8ab4000 r-xp 00000000 08:01 267857                     /lib/x86_64-linux-gnu/libblkid.so.1.1.0
7f5ac8ab4000-7f5ac8cb4000 ---p 00047000 08:01 267857                     /lib/x86_64-linux-gnu/libblkid.so.1.1.0
7f5ac8cb4000-7f5ac8cb8000 r--p 00047000 08:01 267857                     /lib/x86_64-linux-gnu/libblkid.so.1.1.0
7f5ac8cb8000-7f5ac8cb9000 rw-p 0004b000 08:01 267857                     /lib/x86_64-linux-gnu/libblkid.so.1.1.0
7f5ac8cb9000-7f5ac8cba000 rw-p 00000000 00:00 0 
7f5ac8cba000-7f5ac8d2a000 r-xp 00000000 08:01 267987                     /lib/x86_64-linux-gnu/libpcre.so.3.13.3
7f5ac8d2a000-7f5ac8f2a000 ---p 00070000 08:01 267987                     /lib/x86_64-linux-gnu/libpcre.so.3.13.3
7f5ac8f2a000-7f5ac8f2b000 r--p 00070000 08:01 267987                     /lib/x86_64-linux-gnu/libpcre.so.3.13.3
7f5ac8f2b000-7f5ac8f2c000 rw-p 00071000 08:01 267987                     /lib/x86_64-linux-gnu/libpcre.so.3.13.3
7f5ac8f2c000-7f5ac8f33000 r-xp 00000000 08:01 532625                     /usr/lib/x86_64-linux-gnu/libffi.so.6.0.4
7f5ac8f33000-7f5ac9132000 ---p 00007000 08:01 532625                     /usr/lib/x86_64-linux-gnu/libffi.so.6.0.4
7f5ac9132000-7f5ac9133000 r--p 00006000 08:01 532625                     /usr/lib/x86_64-linux-gnu/libffi.so.6.0.4
7f5ac9133000-7f5ac9134000 rw-p 00007000 08:01 532625                     /usr/lib/x86_64-linux-gnu/libffi.so.6.0.4
7f5ac9134000-7f5ac9185000 r-xp 00000000 08:01 267934                     /lib/x86_64-linux-gnu/libmount.so.1.1.0
7f5ac9185000-7f5ac9384000 ---p 00051000 08:01 267934                     /lib/x86_64-linux-gnu/libmount.so.1.1.0
7f5ac9384000-7f5ac9386000 r--p 00050000 08:01 267934                     /lib/x86_64-linux-gnu/libmount.so.1.1.0
7f5ac9386000-7f5ac9387000 rw-p 00052000 08:01 267934                     /lib/x86_64-linux-gnu/libmount.so.1.1.0
7f5ac9387000-7f5ac9388000 rw-p 00000000 00:00 0 
7f5ac9388000-7f5ac939f000 r-xp 00000000 08:01 268004                     /lib/x86_64-linux-gnu/libresolv-2.27.so
7f5ac939f000-7f5ac959f000 ---p 00017000 08:01 268004                     /lib/x86_64-linux-gnu/libresolv-2.27.so
7f5ac959f000-7f5ac95a0000 r--p 00017000 08:01 268004                     /lib/x86_64-linux-gnu/libresolv-2.27.so
7f5ac95a0000-7f5ac95a1000 rw-p 00018000 08:01 268004                     /lib/x86_64-linux-gnu/libresolv-2.27.so
7f5ac95a1000-7f5ac95a3000 rw-p 00000000 00:00 0 
7f5ac95a3000-7f5ac95c8000 r-xp 00000000 08:01 268010                     /lib/x86_64-linux-gnu/libselinux.so.1
7f5ac95c8000-7f5ac97c7000 ---p 00025000 08:01 268010                     /lib/x86_64-linux-gnu/libselinux.so.1
7f5ac97c7000-7f5ac97c8000 r--p 00024000 08:01 268010                     /lib/x86_64-linux-gnu/libselinux.so.1
7f5ac97c8000-7f5ac97c9000 rw-p 00025000 08:01 268010                     /lib/x86_64-linux-gnu/libselinux.so.1
7f5ac97c9000-7f5ac97cb000 rw-p 00000000 00:00 0 
7f5ac97cb000-7f5ac98de000 r-xp 00000000 08:01 532737                     /usr/lib/x86_64-linux-gnu/libglib-2.0.so.0.5600.1
7f5ac98de000-7f5ac9ade000 ---p 00113000 08:01 532737                     /usr/lib/x86_64-linux-gnu/libglib-2.0.so.0.5600.1
7f5ac9ade000-7f5ac9adf000 r--p 00113000 08:01 532737                     /usr/lib/x86_64-linux-gnu/libglib-2.0.so.0.5600.1
7f5ac9adf000-7f5ac9ae0000 rw-p 00114000 08:01 532737                     /usr/lib/x86_64-linux-gnu/libglib-2.0.so.0.5600.1
7f5ac9ae0000-7f5ac9ae1000 rw-p 00000000 00:00 0 
7f5ac9ae1000-7f5ac9ae4000 r-xp 00000000 08:01 532749                     /usr/lib/x86_64-linux-gnu/libgmodule-2.0.so.0.5600.1
7f5ac9ae4000-7f5ac9ce3000 ---p 00003000 08:01 532749                     /usr/lib/x86_64-linux-gnu/libgmodule-2.0.so.0.5600.1
7f5ac9ce3000-7f5ac9ce4000 r--p 00002000 08:01 532749                     /usr/lib/x86_64-linux-gnu/libgmodule-2.0.so.0.5600.1
7f5ac9ce4000-7f5ac9ce5000 rw-p 00003000 08:01 532749                     /usr/lib/x86_64-linux-gnu/libgmodule-2.0.so.0.5600.1
7f5ac9ce5000-7f5ac9d37000 r-xp 00000000 08:01 532767                     /usr/lib/x86_64-linux-gnu/libgobject-2.0.so.0.5600.1
7f5ac9d37000-7f5ac9f37000 ---p 00052000 08:01 532767                     /usr/lib/x86_64-linux-gnu/libgobject-2.0.so.0.5600.1
7f5ac9f37000-7f5ac9f38000 r--p 00052000 08:01 532767                     /usr/lib/x86_64-linux-gnu/libgobject-2.0.so.0.5600.1
7f5ac9f38000-7f5ac9f39000 rw-p 00053000 08:01 532767                     /usr/lib/x86_64-linux-gnu/libgobject-2.0.so.0.5600.1
7f5ac9f39000-7f5aca0cd000 r-xp 00000000 08:01 532727                     /usr/lib/x86_64-linux-gnu/libgio-2.0.so.0.5600.1
7f5aca0cd000-7f5aca2cd000 ---p 00194000 08:01 532727                     /usr/lib/x86_64-linux-gnu/libgio-2.0.so.0.5600.1
7f5aca2cd000-7f5aca2d4000 r--p 00194000 08:01 532727                     /usr/lib/x86_64-linux-gnu/libgio-2.0.so.0.5600.1
7f5aca2d4000-7f5aca2d5000 rw-p 0019b000 08:01 532727                     /usr/lib/x86_64-linux-gnu/libgio-2.0.so.0.5600.1
7f5aca2d5000-7f5aca2d7000 rw-p 00000000 00:00 0 
7f5aca2d7000-7f5aca2e1000 r-xp 00000000 08:01 532261                     /usr/lib/x86_64-linux-gnu/libXrandr.so.2.2.0
7f5aca2e1000-7f5aca4e0000 ---p 0000a000 08:01 532261                     /usr/lib/x86_64-linux-gnu/libXrandr.so.2.2.0
7f5aca4e0000-7f5aca4e1000 r--p 00009000 08:01 532261                     /usr/lib/x86_64-linux-gnu/libXrandr.so.2.2.0
7f5aca4e1000-7f5aca4e2000 rw-p 0000a000 08:01 532261                     /usr/lib/x86_64-linux-gnu/libXrandr.so.2.2.0
7f5aca4e2000-7f5aca513000 r-xp 00000000 08:01 533204                     /usr/lib/x86_64-linux-gnu/libpng16.so.16.34.0
7f5aca513000-7f5aca712000 ---p 00031000 08:01 533204                     /usr/lib/x86_64-linux-gnu/libpng16.so.16.34.0
7f5aca712000-7f5aca713000 r--p 00030000 08:01 533204                     /usr/lib/x86_64-linux-gnu/libpng16.so.16.34.0
7f5aca713000-7f5aca714000 rw-p 00031000 08:01 533204                     /usr/lib/x86_64-linux-gnu/libpng16.so.16.34.0
7f5aca714000-7f5aca7c1000 r-xp 00000000 08:01 532655                     /usr/lib/x86_64-linux-gnu/libfreetype.so.6.15.0
7f5aca7c1000-7f5aca9c0000 ---p 000ad000 08:01 532655                     /usr/lib/x86_64-linux-gnu/libfreetype.so.6.15.0
7f5aca9c0000-7f5aca9c7000 r--p 000ac000 08:01 532655                     /usr/lib/x86_64-linux-gnu/libfreetype.so.6.15.0
7f5aca9c7000-7f5aca9c8000 rw-p 000b3000 08:01 532655                     /usr/lib/x86_64-linux-gnu/libfreetype.so.6.15.0
7f5aca9c8000-7f5acaa5d000 r-xp 00000000 08:01 525462                     /usr/lib/jvm/java-11-openjdk-amd64/lib/libfontmanager.so
7f5acaa5d000-7f5acac5d000 ---p 00095000 08:01 525462                     /usr/lib/jvm/java-11-openjdk-amd64/lib/libfontmanager.so
7f5acac5d000-7f5acac5e000 r--p 00095000 08:01 525462                     /usr/lib/jvm/java-11-openjdk-amd64/lib/libfontmanager.so
7f5acac5e000-7f5acac5f000 rw-p 00096000 08:01 525462                     /usr/lib/jvm/java-11-openjdk-amd64/lib/libfontmanager.so
7f5acac5f000-7f5acae60000 rw-p 00000000 00:00 0 
7f5acae60000-7f5acae73000 r-xp 00000000 08:01 267861                     /lib/x86_64-linux-gnu/libbsd.so.0.8.7
7f5acae73000-7f5acb072000 ---p 00013000 08:01 267861                     /lib/x86_64-linux-gnu/libbsd.so.0.8.7
7f5acb072000-7f5acb073000 r--p 00012000 08:01 267861                     /lib/x86_64-linux-gnu/libbsd.so.0.8.7
7f5acb073000-7f5acb074000 rw-p 00013000 08:01 267861                     /lib/x86_64-linux-gnu/libbsd.so.0.8.7
7f5acb074000-7f5acb075000 rw-p 00000000 00:00 0 
7f5acb075000-7f5acb07a000 r-xp 00000000 08:01 532241                     /usr/lib/x86_64-linux-gnu/libXdmcp.so.6.0.0
7f5acb07a000-7f5acb279000 ---p 00005000 08:01 532241                     /usr/lib/x86_64-linux-gnu/libXdmcp.so.6.0.0
7f5acb279000-7f5acb27a000 r--p 00004000 08:01 532241                     /usr/lib/x86_64-linux-gnu/libXdmcp.so.6.0.0
7f5acb27a000-7f5acb27b000 rw-p 00005000 08:01 532241                     /usr/lib/x86_64-linux-gnu/libXdmcp.so.6.0.0
7f5acb27b000-7f5acb27d000 r-xp 00000000 08:01 532230                     /usr/lib/x86_64-linux-gnu/libXau.so.6.0.0
7f5acb27d000-7f5acb47d000 ---p 00002000 08:01 532230                     /usr/lib/x86_64-linux-gnu/libXau.so.6.0.0
7f5acb47d000-7f5acb47e000 r--p 00002000 08:01 532230                     /usr/lib/x86_64-linux-gnu/libXau.so.6.0.0
7f5acb47e000-7f5acb47f000 rw-p 00003000 08:01 532230                     /usr/lib/x86_64-linux-gnu/libXau.so.6.0.0
7f5acb47f000-7f5acb4a5000 r-xp 00000000 08:01 533567                     /usr/lib/x86_64-linux-gnu/libxcb.so.1.1.0
7f5acb4a5000-7f5acb6a5000 ---p 00026000 08:01 533567                     /usr/lib/x86_64-linux-gnu/libxcb.so.1.1.0
7f5acb6a5000-7f5acb6a6000 r--p 00026000 08:01 533567                     /usr/lib/x86_64-linux-gnu/libxcb.so.1.1.0
7f5acb6a6000-7f5acb6a7000 rw-p 00027000 08:01 533567                     /usr/lib/x86_64-linux-gnu/libxcb.so.1.1.0
7f5acb6a7000-7f5acb6b6000 r-xp 00000000 08:01 532251                     /usr/lib/x86_64-linux-gnu/libXi.so.6.1.0
7f5acb6b6000-7f5acb8b5000 ---p 0000f000 08:01 532251                     /usr/lib/x86_64-linux-gnu/libXi.so.6.1.0
7f5acb8b5000-7f5acb8b6000 r--p 0000e000 08:01 532251                     /usr/lib/x86_64-linux-gnu/libXi.so.6.1.0
7f5acb8b6000-7f5acb8b7000 rw-p 0000f000 08:01 532251                     /usr/lib/x86_64-linux-gnu/libXi.so.6.1.0
7f5acb8b7000-7f5acb8bc000 r-xp 00000000 08:01 532269                     /usr/lib/x86_64-linux-gnu/libXtst.so.6.1.0
7f5acb8bc000-7f5acbabb000 ---p 00005000 08:01 532269                     /usr/lib/x86_64-linux-gnu/libXtst.so.6.1.0
7f5acbabb000-7f5acbabc000 r--p 00004000 08:01 532269                     /usr/lib/x86_64-linux-gnu/libXtst.so.6.1.0
7f5acbabc000-7f5acbabd000 rw-p 00005000 08:01 532269                     /usr/lib/x86_64-linux-gnu/libXtst.so.6.1.0
7f5acbabd000-7f5acbac6000 r-xp 00000000 08:01 532263                     /usr/lib/x86_64-linux-gnu/libXrender.so.1.3.0
7f5acbac6000-7f5acbcc5000 ---p 00009000 08:01 532263                     /usr/lib/x86_64-linux-gnu/libXrender.so.1.3.0
7f5acbcc5000-7f5acbcc6000 r--p 00008000 08:01 532263                     /usr/lib/x86_64-linux-gnu/libXrender.so.1.3.0
7f5acbcc6000-7f5acbcc7000 rw-p 00009000 08:01 532263                     /usr/lib/x86_64-linux-gnu/libXrender.so.1.3.0
7f5acbcc7000-7f5acbdfb000 r-xp 00000000 08:01 532226                     /usr/lib/x86_64-linux-gnu/libX11.so.6.3.0
7f5acbdfb000-7f5acbffb000 ---p 00134000 08:01 532226                     /usr/lib/x86_64-linux-gnu/libX11.so.6.3.0
7f5acbffb000-7f5acbffc000 r--p 00134000 08:01 532226                     /usr/lib/x86_64-linux-gnu/libX11.so.6.3.0
7f5acbffc000-7f5acc000000 rw-p 00135000 08:01 532226                     /usr/lib/x86_64-linux-gnu/libX11.so.6.3.0
7f5acc000000-7f5acd39b000 rw-p 00000000 00:00 0 
7f5acd39b000-7f5ad0000000 ---p 00000000 00:00 0 
7f5ad0000000-7f5ad0626000 rw-p 00000000 00:00 0 
7f5ad0626000-7f5ad4000000 ---p 00000000 00:00 0 
7f5ad4000000-7f5ad4021000 rw-p 00000000 00:00 0 
7f5ad4021000-7f5ad8000000 ---p 00000000 00:00 0 
7f5ad8000000-7f5ad8021000 rw-p 00000000 00:00 0 
7f5ad8021000-7f5adc000000 ---p 00000000 00:00 0 
7f5adc000000-7f5adc050000 rw-p 00000000 00:00 0 
7f5adc050000-7f5ae0000000 ---p 00000000 00:00 0 
7f5ae0000000-7f5ae0021000 rw-p 00000000 00:00 0 
7f5ae0021000-7f5ae4000000 ---p 00000000 00:00 0 
7f5ae4000000-7f5ae44d6000 rw-p 00000000 00:00 0 
7f5ae44d6000-7f5ae8000000 ---p 00000000 00:00 0 
7f5ae8000000-7f5ae8021000 rw-p 00000000 00:00 0 
7f5ae8021000-7f5aec000000 ---p 00000000 00:00 0 
7f5aec000000-7f5aec049000 rw-p 00000000 00:00 0 
7f5aec049000-7f5af0000000 ---p 00000000 00:00 0 
7f5af0000000-7f5af0021000 rw-p 00000000 00:00 0 
7f5af0021000-7f5af4000000 ---p 00000000 00:00 0 
7f5af4000000-7f5af556c000 rw-p 00000000 00:00 0 
7f5af556c000-7f5af8000000 ---p 00000000 00:00 0 
7f5af8000000-7f5af8028000 rw-p 00000000 00:00 0 
7f5af8028000-7f5afc000000 ---p 00000000 00:00 0 
7f5afc000000-7f5afc110000 rw-p 00000000 00:00 0 
7f5afc110000-7f5b00000000 ---p 00000000 00:00 0 
7f5b0000d000-7f5b00027000 r-xp 00000000 00:00 0 
7f5b00027000-7f5b00034000 r--p 00000000 08:01 726852                     /usr/share/locale-langpack/fr/LC_MESSAGES/pulseaudio.mo
7f5b00034000-7f5b00054000 rw-s 00000000 08:01 735205                     /home/cmt/#735205 (deleted)
7f5b00054000-7f5b00074000 r-xs 00000000 08:01 735205                     /home/cmt/#735205 (deleted)
7f5b00074000-7f5b00078000 ---p 00000000 00:00 0 
7f5b00078000-7f5b00096000 rw-p 00000000 00:00 0 
7f5b00096000-7f5b0009a000 ---p 00000000 00:00 0 
7f5b0009a000-7f5b00197000 rw-p 00000000 00:00 0 
7f5b00197000-7f5b001a8000 r-xp 00000000 08:01 532243                     /usr/lib/x86_64-linux-gnu/libXext.so.6.4.0
7f5b001a8000-7f5b003a7000 ---p 00011000 08:01 532243                     /usr/lib/x86_64-linux-gnu/libXext.so.6.4.0
7f5b003a7000-7f5b003a8000 r--p 00010000 08:01 532243                     /usr/lib/x86_64-linux-gnu/libXext.so.6.4.0
7f5b003a8000-7f5b003a9000 rw-p 00011000 08:01 532243                     /usr/lib/x86_64-linux-gnu/libXext.so.6.4.0
7f5b003a9000-7f5b00408000 r-xp 00000000 08:01 525459                     /usr/lib/jvm/java-11-openjdk-amd64/lib/libawt_xawt.so
7f5b00408000-7f5b00607000 ---p 0005f000 08:01 525459                     /usr/lib/jvm/java-11-openjdk-amd64/lib/libawt_xawt.so
7f5b00607000-7f5b00608000 r--p 0005e000 08:01 525459                     /usr/lib/jvm/java-11-openjdk-amd64/lib/libawt_xawt.so
7f5b00608000-7f5b0060b000 rw-p 0005f000 08:01 525459                     /usr/lib/jvm/java-11-openjdk-amd64/lib/libawt_xawt.so
7f5b0060b000-7f5b0060d000 rw-p 00000000 00:00 0 
7f5b0060d000-7f5b006ad000 r-xp 00000000 08:01 525457                     /usr/lib/jvm/java-11-openjdk-amd64/lib/libawt.so
7f5b006ad000-7f5b008ad000 ---p 000a0000 08:01 525457                     /usr/lib/jvm/java-11-openjdk-amd64/lib/libawt.so
7f5b008ad000-7f5b008ae000 r--p 000a0000 08:01 525457                     /usr/lib/jvm/java-11-openjdk-amd64/lib/libawt.so
7f5b008ae000-7f5b008b9000 rw-p 000a1000 08:01 525457                     /usr/lib/jvm/java-11-openjdk-amd64/lib/libawt.so
7f5b008b9000-7f5b008de000 rw-p 00000000 00:00 0 
7f5b008de000-7f5b008f4000 r-xp 00000000 08:01 525481                     /usr/lib/jvm/java-11-openjdk-amd64/lib/libnet.so
7f5b008f4000-7f5b00af4000 ---p 00016000 08:01 525481                     /usr/lib/jvm/java-11-openjdk-amd64/lib/libnet.so
7f5b00af4000-7f5b00af5000 r--p 00016000 08:01 525481                     /usr/lib/jvm/java-11-openjdk-amd64/lib/libnet.so
7f5b00af5000-7f5b00af6000 rw-p 00017000 08:01 525481                     /usr/lib/jvm/java-11-openjdk-amd64/lib/libnet.so
7f5b00af6000-7f5b00b07000 r-xp 00000000 08:01 525482                     /usr/lib/jvm/java-11-openjdk-amd64/lib/libnio.so
7f5b00b07000-7f5b00d06000 ---p 00011000 08:01 525482                     /usr/lib/jvm/java-11-openjdk-amd64/lib/libnio.so
7f5b00d06000-7f5b00d07000 r--p 00010000 08:01 525482                     /usr/lib/jvm/java-11-openjdk-amd64/lib/libnio.so
7f5b00d07000-7f5b00d08000 rw-p 00011000 08:01 525482                     /usr/lib/jvm/java-11-openjdk-amd64/lib/libnio.so
7f5b00d08000-7f5b00d0c000 ---p 00000000 00:00 0 
7f5b00d0c000-7f5b00e09000 rw-p 00000000 00:00 0 
7f5b00e09000-7f5b00e0a000 ---p 00000000 00:00 0 
7f5b00e0a000-7f5b00f0b000 rw-p 00000000 00:00 0 
7f5b00f0b000-7f5b00f0f000 ---p 00000000 00:00 0 
7f5b00f0f000-7f5b0100c000 rw-p 00000000 00:00 0 
7f5b0100c000-7f5b01010000 ---p 00000000 00:00 0 
7f5b01010000-7f5b0110d000 rw-p 00000000 00:00 0 
7f5b0110d000-7f5b01111000 ---p 00000000 00:00 0 
7f5b01111000-7f5b0120e000 rw-p 00000000 00:00 0 
7f5b0120e000-7f5b01212000 ---p 00000000 00:00 0 
7f5b01212000-7f5b0130f000 rw-p 00000000 00:00 0 
7f5b0130f000-7f5b01313000 ---p 00000000 00:00 0 
7f5b01313000-7f5b01410000 rw-p 00000000 00:00 0 
7f5b01410000-7f5b01823000 r--p 00000000 08:01 529823                     /usr/lib/locale/locale-archive
7f5b01823000-7f5b01827000 ---p 00000000 00:00 0 
7f5b01827000-7f5b01924000 rw-p 00000000 00:00 0 
7f5b01924000-7f5b01928000 ---p 00000000 00:00 0 
7f5b01928000-7f5b01a25000 rw-p 00000000 00:00 0 
7f5b01a25000-7f5b01a26000 ---p 00000000 00:00 0 
7f5b01a26000-7f5b03b27000 rw-p 00000000 00:00 0 
7f5b03b27000-7f5b03d97000 rwxp 00000000 00:00 0 
7f5b03d97000-7f5b040b6000 ---p 00000000 00:00 0 
7f5b040b6000-7f5b04656000 rwxp 00000000 00:00 0 
7f5b04656000-7f5b0b5ee000 ---p 00000000 00:00 0 
7f5b0b5ee000-7f5b0b85e000 rwxp 00000000 00:00 0 
7f5b0b85e000-7f5b12b27000 ---p 00000000 00:00 0 
7f5b12b27000-7f5b1c000000 r--s 00000000 08:01 525492                     /usr/lib/jvm/java-11-openjdk-amd64/lib/modules
7f5b1c000000-7f5b1c863000 rw-p 00000000 00:00 0 
7f5b1c863000-7f5b20000000 ---p 00000000 00:00 0 
7f5b20000000-7f5b20002000 r-xp 00000000 00:00 0 
7f5b20002000-7f5b20024000 r--p 00000000 08:01 727781                     /usr/share/locale-langpack/fr/LC_MESSAGES/glib20.mo
7f5b20024000-7f5b2006d000 r--p 00000000 08:01 402486                     /usr/share/glib-2.0/schemas/gschemas.compiled
7f5b2006d000-7f5b200b6000 r--p 00000000 08:01 402486                     /usr/share/glib-2.0/schemas/gschemas.compiled
7f5b200b6000-7f5b200dc000 r--p 00000000 08:01 726803                     /usr/share/locale-langpack/fr/LC_MESSAGES/libc.mo
7f5b200dc000-7f5b20952000 rw-p 00000000 00:00 0 
7f5b20952000-7f5b20953000 ---p 00000000 00:00 0 
7f5b20953000-7f5b20a54000 rw-p 00000000 00:00 0 
7f5b20a54000-7f5b20a55000 ---p 00000000 00:00 0 
7f5b20a55000-7f5b20b56000 rw-p 00000000 00:00 0 
7f5b20b56000-7f5b20b57000 ---p 00000000 00:00 0 
7f5b20b57000-7f5b20e5a000 rw-p 00000000 00:00 0 
7f5b20e5a000-7f5b20e5b000 ---p 00000000 00:00 0 
7f5b20e5b000-7f5b20f5c000 rw-p 00000000 00:00 0 
7f5b20f5c000-7f5b20f5d000 ---p 00000000 00:00 0 
7f5b20f5d000-7f5b210ee000 rw-p 00000000 00:00 0 
7f5b210ee000-7f5b2177e000 ---p 00000000 00:00 0 
7f5b2177e000-7f5b2180e000 rw-p 00000000 00:00 0 
7f5b2180e000-7f5b21e9e000 ---p 00000000 00:00 0 
7f5b21e9e000-7f5b21eb0000 rw-p 00000000 00:00 0 
7f5b21eb0000-7f5b21f82000 ---p 00000000 00:00 0 
7f5b21f82000-7f5b21f94000 rw-p 00000000 00:00 0 
7f5b21f94000-7f5b22066000 ---p 00000000 00:00 0 
7f5b22066000-7f5b22078000 rw-p 00000000 00:00 0 
7f5b22078000-7f5b2214a000 ---p 00000000 00:00 0 
7f5b2214a000-7f5b2234c000 rw-p 00000000 00:00 0 
7f5b2234c000-7f5b2234d000 ---p 00000000 00:00 0 
7f5b2234d000-7f5b2244e000 rw-p 00000000 00:00 0 
7f5b2244e000-7f5b2244f000 ---p 00000000 00:00 0 
7f5b2244f000-7f5b22555000 rw-p 00000000 00:00 0 
7f5b22555000-7f5b2263b000 ---p 00000000 00:00 0 
7f5b2263b000-7f5b22647000 rw-p 00000000 00:00 0 
7f5b22647000-7f5b22726000 ---p 00000000 00:00 0 
7f5b22726000-7f5b2272b000 r-xp 00000000 08:01 525472                     /usr/lib/jvm/java-11-openjdk-amd64/lib/libjimage.so
7f5b2272b000-7f5b2292a000 ---p 00005000 08:01 525472                     /usr/lib/jvm/java-11-openjdk-amd64/lib/libjimage.so
7f5b2292a000-7f5b2292b000 r--p 00004000 08:01 525472                     /usr/lib/jvm/java-11-openjdk-amd64/lib/libjimage.so
7f5b2292b000-7f5b2292c000 rw-p 00005000 08:01 525472                     /usr/lib/jvm/java-11-openjdk-amd64/lib/libjimage.so
7f5b2292c000-7f5b22933000 r-xp 00000000 08:01 525491                     /usr/lib/jvm/java-11-openjdk-amd64/lib/libzip.so
7f5b22933000-7f5b22b32000 ---p 00007000 08:01 525491                     /usr/lib/jvm/java-11-openjdk-amd64/lib/libzip.so
7f5b22b32000-7f5b22b33000 r--p 00006000 08:01 525491                     /usr/lib/jvm/java-11-openjdk-amd64/lib/libzip.so
7f5b22b33000-7f5b22b34000 rw-p 00007000 08:01 525491                     /usr/lib/jvm/java-11-openjdk-amd64/lib/libzip.so
7f5b22b34000-7f5b22b3f000 r-xp 00000000 08:01 267955                     /lib/x86_64-linux-gnu/libnss_files-2.27.so
7f5b22b3f000-7f5b22d3e000 ---p 0000b000 08:01 267955                     /lib/x86_64-linux-gnu/libnss_files-2.27.so
7f5b22d3e000-7f5b22d3f000 r--p 0000a000 08:01 267955                     /lib/x86_64-linux-gnu/libnss_files-2.27.so
7f5b22d3f000-7f5b22d40000 rw-p 0000b000 08:01 267955                     /lib/x86_64-linux-gnu/libnss_files-2.27.so
7f5b22d40000-7f5b22d46000 rw-p 00000000 00:00 0 
7f5b22d46000-7f5b22d5d000 r-xp 00000000 08:01 267949                     /lib/x86_64-linux-gnu/libnsl-2.27.so
7f5b22d5d000-7f5b22f5c000 ---p 00017000 08:01 267949                     /lib/x86_64-linux-gnu/libnsl-2.27.so
7f5b22f5c000-7f5b22f5d000 r--p 00016000 08:01 267949                     /lib/x86_64-linux-gnu/libnsl-2.27.so
7f5b22f5d000-7f5b22f5e000 rw-p 00017000 08:01 267949                     /lib/x86_64-linux-gnu/libnsl-2.27.so
7f5b22f5e000-7f5b22f60000 rw-p 00000000 00:00 0 
7f5b22f60000-7f5b22f6b000 r-xp 00000000 08:01 267966                     /lib/x86_64-linux-gnu/libnss_nis-2.27.so
7f5b22f6b000-7f5b2316a000 ---p 0000b000 08:01 267966                     /lib/x86_64-linux-gnu/libnss_nis-2.27.so
7f5b2316a000-7f5b2316b000 r--p 0000a000 08:01 267966                     /lib/x86_64-linux-gnu/libnss_nis-2.27.so
7f5b2316b000-7f5b2316c000 rw-p 0000b000 08:01 267966                     /lib/x86_64-linux-gnu/libnss_nis-2.27.so
7f5b2316c000-7f5b23174000 r-xp 00000000 08:01 267951                     /lib/x86_64-linux-gnu/libnss_compat-2.27.so
7f5b23174000-7f5b23374000 ---p 00008000 08:01 267951                     /lib/x86_64-linux-gnu/libnss_compat-2.27.so
7f5b23374000-7f5b23375000 r--p 00008000 08:01 267951                     /lib/x86_64-linux-gnu/libnss_compat-2.27.so
7f5b23375000-7f5b23376000 rw-p 00009000 08:01 267951                     /lib/x86_64-linux-gnu/libnss_compat-2.27.so
7f5b23376000-7f5b233a2000 r-xp 00000000 08:01 525468                     /usr/lib/jvm/java-11-openjdk-amd64/lib/libjava.so
7f5b233a2000-7f5b235a1000 ---p 0002c000 08:01 525468                     /usr/lib/jvm/java-11-openjdk-amd64/lib/libjava.so
7f5b235a1000-7f5b235a2000 r--p 0002b000 08:01 525468                     /usr/lib/jvm/java-11-openjdk-amd64/lib/libjava.so
7f5b235a2000-7f5b235a4000 rw-p 0002c000 08:01 525468                     /usr/lib/jvm/java-11-openjdk-amd64/lib/libjava.so
7f5b235a4000-7f5b235b1000 r-xp 00000000 08:01 525490                     /usr/lib/jvm/java-11-openjdk-amd64/lib/libverify.so
7f5b235b1000-7f5b237b0000 ---p 0000d000 08:01 525490                     /usr/lib/jvm/java-11-openjdk-amd64/lib/libverify.so
7f5b237b0000-7f5b237b2000 r--p 0000c000 08:01 525490                     /usr/lib/jvm/java-11-openjdk-amd64/lib/libverify.so
7f5b237b2000-7f5b237b3000 rw-p 0000e000 08:01 525490                     /usr/lib/jvm/java-11-openjdk-amd64/lib/libverify.so
7f5b237b3000-7f5b237ba000 r-xp 00000000 08:01 268006                     /lib/x86_64-linux-gnu/librt-2.27.so
7f5b237ba000-7f5b239b9000 ---p 00007000 08:01 268006                     /lib/x86_64-linux-gnu/librt-2.27.so
7f5b239b9000-7f5b239ba000 r--p 00006000 08:01 268006                     /lib/x86_64-linux-gnu/librt-2.27.so
7f5b239ba000-7f5b239bb000 rw-p 00007000 08:01 268006                     /lib/x86_64-linux-gnu/librt-2.27.so
7f5b239bb000-7f5b239d2000 r-xp 00000000 08:01 267902                     /lib/x86_64-linux-gnu/libgcc_s.so.1
7f5b239d2000-7f5b23bd1000 ---p 00017000 08:01 267902                     /lib/x86_64-linux-gnu/libgcc_s.so.1
7f5b23bd1000-7f5b23bd2000 r--p 00016000 08:01 267902                     /lib/x86_64-linux-gnu/libgcc_s.so.1
7f5b23bd2000-7f5b23bd3000 rw-p 00017000 08:01 267902                     /lib/x86_64-linux-gnu/libgcc_s.so.1
7f5b23bd3000-7f5b23d70000 r-xp 00000000 08:01 267928                     /lib/x86_64-linux-gnu/libm-2.27.so
7f5b23d70000-7f5b23f6f000 ---p 0019d000 08:01 267928                     /lib/x86_64-linux-gnu/libm-2.27.so
7f5b23f6f000-7f5b23f70000 r--p 0019c000 08:01 267928                     /lib/x86_64-linux-gnu/libm-2.27.so
7f5b23f70000-7f5b23f71000 rw-p 0019d000 08:01 267928                     /lib/x86_64-linux-gnu/libm-2.27.so
7f5b23f71000-7f5b240ef000 r-xp 00000000 08:01 533362                     /usr/lib/x86_64-linux-gnu/libstdc++.so.6.0.25
7f5b240ef000-7f5b242ef000 ---p 0017e000 08:01 533362                     /usr/lib/x86_64-linux-gnu/libstdc++.so.6.0.25
7f5b242ef000-7f5b242f9000 r--p 0017e000 08:01 533362                     /usr/lib/x86_64-linux-gnu/libstdc++.so.6.0.25
7f5b242f9000-7f5b242fb000 rw-p 00188000 08:01 533362                     /usr/lib/x86_64-linux-gnu/libstdc++.so.6.0.25
7f5b242fb000-7f5b242ff000 rw-p 00000000 00:00 0 
7f5b242ff000-7f5b2529c000 r-xp 00000000 08:01 525504                     /usr/lib/jvm/java-11-openjdk-amd64/lib/server/libjvm.so
7f5b2529c000-7f5b2549c000 ---p 00f9d000 08:01 525504                     /usr/lib/jvm/java-11-openjdk-amd64/lib/server/libjvm.so
7f5b2549c000-7f5b25560000 r--p 00f9d000 08:01 525504                     /usr/lib/jvm/java-11-openjdk-amd64/lib/server/libjvm.so
7f5b25560000-7f5b25598000 rw-p 01061000 08:01 525504                     /usr/lib/jvm/java-11-openjdk-amd64/lib/server/libjvm.so
7f5b25598000-7f5b255e1000 rw-p 00000000 00:00 0 
7f5b255e1000-7f5b255fb000 r-xp 00000000 08:01 267998                     /lib/x86_64-linux-gnu/libpthread-2.27.so
7f5b255fb000-7f5b257fa000 ---p 0001a000 08:01 267998                     /lib/x86_64-linux-gnu/libpthread-2.27.so
7f5b257fa000-7f5b257fb000 r--p 00019000 08:01 267998                     /lib/x86_64-linux-gnu/libpthread-2.27.so
7f5b257fb000-7f5b257fc000 rw-p 0001a000 08:01 267998                     /lib/x86_64-linux-gnu/libpthread-2.27.so
7f5b257fc000-7f5b25800000 rw-p 00000000 00:00 0 
7f5b25800000-7f5b25803000 r-xp 00000000 08:01 267888                     /lib/x86_64-linux-gnu/libdl-2.27.so
7f5b25803000-7f5b25a02000 ---p 00003000 08:01 267888                     /lib/x86_64-linux-gnu/libdl-2.27.so
7f5b25a02000-7f5b25a03000 r--p 00002000 08:01 267888                     /lib/x86_64-linux-gnu/libdl-2.27.so
7f5b25a03000-7f5b25a04000 rw-p 00003000 08:01 267888                     /lib/x86_64-linux-gnu/libdl-2.27.so
7f5b25a04000-7f5b25a20000 r-xp 00000000 08:01 268039                     /lib/x86_64-linux-gnu/libz.so.1.2.11
7f5b25a20000-7f5b25c1f000 ---p 0001c000 08:01 268039                     /lib/x86_64-linux-gnu/libz.so.1.2.11
7f5b25c1f000-7f5b25c20000 r--p 0001b000 08:01 268039                     /lib/x86_64-linux-gnu/libz.so.1.2.11
7f5b25c20000-7f5b25c21000 rw-p 0001c000 08:01 268039                     /lib/x86_64-linux-gnu/libz.so.1.2.11
7f5b25c21000-7f5b25e08000 r-xp 00000000 08:01 267865                     /lib/x86_64-linux-gnu/libc-2.27.so
7f5b25e08000-7f5b26008000 ---p 001e7000 08:01 267865                     /lib/x86_64-linux-gnu/libc-2.27.so
7f5b26008000-7f5b2600c000 r--p 001e7000 08:01 267865                     /lib/x86_64-linux-gnu/libc-2.27.so
7f5b2600c000-7f5b2600e000 rw-p 001eb000 08:01 267865                     /lib/x86_64-linux-gnu/libc-2.27.so
7f5b2600e000-7f5b26012000 rw-p 00000000 00:00 0 
7f5b26012000-7f5b26021000 r-xp 00000000 08:01 525497                     /usr/lib/jvm/java-11-openjdk-amd64/lib/jli/libjli.so
7f5b26021000-7f5b26220000 ---p 0000f000 08:01 525497                     /usr/lib/jvm/java-11-openjdk-amd64/lib/jli/libjli.so
7f5b26220000-7f5b26221000 r--p 0000e000 08:01 525497                     /usr/lib/jvm/java-11-openjdk-amd64/lib/jli/libjli.so
7f5b26221000-7f5b26222000 rw-p 0000f000 08:01 525497                     /usr/lib/jvm/java-11-openjdk-amd64/lib/jli/libjli.so
7f5b26222000-7f5b26249000 r-xp 00000000 08:01 267837                     /lib/x86_64-linux-gnu/ld-2.27.so
7f5b26249000-7f5b26252000 r-xp 00000000 00:00 0 
7f5b26252000-7f5b26253000 rwxp 00000000 00:00 0 
7f5b26253000-7f5b2625a000 r--s 00000000 08:01 661394                     /usr/lib/x86_64-linux-gnu/gconv/gconv-modules.cache
7f5b2625a000-7f5b2632b000 rw-p 00000000 00:00 0 
7f5b2632b000-7f5b2632f000 ---p 00000000 00:00 0 
7f5b2632f000-7f5b2642e000 rw-p 00000000 00:00 0 
7f5b2642e000-7f5b2642f000 r--p 00000000 08:01 735316                     /home/cmt/.config/dconf/user
7f5b2642f000-7f5b26430000 r--s 00000000 00:2e 20                         /run/user/1000/dconf/user
7f5b26430000-7f5b26436000 rw-p 00000000 00:00 0 
7f5b26436000-7f5b2643d000 ---p 00000000 00:00 0 
7f5b2643d000-7f5b26445000 rw-s 00000000 08:01 267386                     /tmp/hsperfdata_cmt/5068
7f5b26445000-7f5b26446000 ---p 00000000 00:00 0 
7f5b26446000-7f5b26447000 r--p 00000000 00:00 0 
7f5b26447000-7f5b26449000 rw-p 00000000 00:00 0 
7f5b26449000-7f5b2644a000 r--p 00027000 08:01 267837                     /lib/x86_64-linux-gnu/ld-2.27.so
7f5b2644a000-7f5b2644b000 rw-p 00028000 08:01 267837                     /lib/x86_64-linux-gnu/ld-2.27.so
7f5b2644b000-7f5b2644c000 rw-p 00000000 00:00 0 
7fff1629d000-7fff162bf000 rw-p 00000000 00:00 0                          [stack]
7fff1632b000-7fff1632e000 r--p 00000000 00:00 0                          [vvar]
7fff1632e000-7fff16330000 r-xp 00000000 00:00 0                          [vdso]
ffffffffff600000-ffffffffff601000 r-xp 00000000 00:00 0                  [vsyscall]


VM Arguments:
jvm_args: -Dfile.encoding=UTF-8 
java_command: princ.Principal
java_class_path (initial): /home/cmt/Documents/eclipse-workspace/Duel/bin:/home/cmt/Documents/eclipse-workspace/Duel/ressources/libs/jade/jade.jar:/home/cmt/Documents/eclipse-workspace/Duel/ressources/libs/jme/eventbus.jar:/home/cmt/Documents/eclipse-workspace/Duel/ressources/libs/jme/gluegen-rt.jar:/home/cmt/Documents/eclipse-workspace/Duel/ressources/libs/jme/j-ogg-oggd.jar:/home/cmt/Documents/eclipse-workspace/Duel/ressources/libs/jme/j-ogg-vorbisd.jar:/home/cmt/Documents/eclipse-workspace/Duel/ressources/libs/jme/jbullet.jar:/home/cmt/Documents/eclipse-workspace/Duel/ressources/libs/jme/jglfont-core.jar:/home/cmt/Documents/eclipse-workspace/Duel/ressources/libs/jme/jinput.jar:/home/cmt/Documents/eclipse-workspace/Duel/ressources/libs/jme/jME3-blender.jar:/home/cmt/Documents/eclipse-workspace/Duel/ressources/libs/jme/jME3-core.jar:/home/cmt/Documents/eclipse-workspace/Duel/ressources/libs/jme/jME3-desktop.jar:/home/cmt/Documents/eclipse-workspace/Duel/ressources/libs/jme/jME3-effects.jar:/home/cmt/Documents/eclipse-workspace/Duel/ressources/libs/jme/jME3-jbullet.jar:/home/cmt/Documents/eclipse-workspace/Duel/ressources/libs/jme/jME3-jogg.jar:/home/cmt/Documents/eclipse-workspace/Duel/ressources/libs/jme/jME3-lwjgl-natives.jar:/home/cmt/Documents/eclipse-workspace/Duel/ressources/libs/jme/jME3-lwjgl.jar:/home/cmt/Documents/eclipse-workspace/Duel/ressources/libs/jme/jME3-networking.jar:/home/cmt/Documents/eclipse-workspace/Duel/ressources/libs/jme/jME3-niftygui.jar:/home/cmt/Documents/eclipse-workspace/Duel/ressources/libs/jme/jME3-plugins.jar:/home/cmt/Documents/eclipse-workspace/Duel/ressources/libs/jme/jME3-terrain.jar:/home/cmt/Documents/eclipse-workspace/Duel/ressources/libs/jme/jME3-testdata.jar:/home/cmt/Documents/eclipse-workspace/Duel/ressources/libs/jme/joal.jar:/home/cmt/Documents/eclipse-workspace/Duel/ressources/libs/jme/jogl-all.jar:/home/cmt/Documents/eclipse-workspace/Duel/ressources/libs/jme/lwjgl.jar:/home/cmt/Documents/eclipse-workspace/Duel/re
Launcher Type: SUN_STANDARD

Logging:
Log output configuration:
#0: stdout all=warning uptime,level,tags
#1: stderr all=off uptime,level,tags

Environment Variables:
CLASSPATH=/usr/lib/swi-prolog/lib/jpl.jar:.
PATH=/usr/local/sbin:/usr/local/bin:/usr/sbin:/usr/bin:/sbin:/bin:/usr/games:/usr/local/games
LD_LIBRARY_PATH=/usr/lib/swi-prolog/lib/amd64
SHELL=/bin/bash
DISPLAY=:0.0

Signal Handlers:
SIGSEGV: [libjvm.so+0xd28a90], sa_mask[0]=11111111011111111101111111111110, sa_flags=SA_RESTART|SA_SIGINFO
SIGBUS: [libjvm.so+0xd28a90], sa_mask[0]=11111111011111111101111111111110, sa_flags=SA_RESTART|SA_SIGINFO
SIGFPE: [libjvm.so+0xd28a90], sa_mask[0]=11111111011111111101111111111110, sa_flags=SA_RESTART|SA_SIGINFO
SIGPIPE: SIG_IGN, sa_mask[0]=00000000000010000000000000000000, sa_flags=SA_RESTART
SIGXFSZ: [libjvm.so+0xb2a110], sa_mask[0]=11111111011111111101111111111110, sa_flags=SA_RESTART|SA_SIGINFO
SIGILL: [libjvm.so+0xd28a90], sa_mask[0]=11111111011111111101111111111110, sa_flags=SA_RESTART|SA_SIGINFO
SIGUSR2: [libswipl.so.7.6+0x925a0], sa_mask[0]=00000000000000000000000000000000, sa_flags=none
SIGHUP: [libjvm.so+0xb2a0a0], sa_mask[0]=11111111011111111101111111111110, sa_flags=SA_RESTART|SA_SIGINFO
SIGINT: [libjvm.so+0xb2a0a0], sa_mask[0]=11111111011111111101111111111110, sa_flags=SA_RESTART|SA_SIGINFO
SIGTERM: [libjvm.so+0xb2a0a0], sa_mask[0]=11111111011111111101111111111110, sa_flags=SA_RESTART|SA_SIGINFO
SIGQUIT: [libjvm.so+0xb2a0a0], sa_mask[0]=11111111011111111101111111111110, sa_flags=SA_RESTART|SA_SIGINFO


---------------  S Y S T E M  ---------------

OS:DISTRIB_ID=LinuxMint
DISTRIB_RELEASE=19
DISTRIB_CODENAME=tara
DISTRIB_DESCRIPTION="Linux Mint 19 Tara"
uname:Linux 4.15.0-20-generic #21-Ubuntu SMP Tue Apr 24 06:16:15 UTC 2018 x86_64
libc:glibc 2.27 NPTL 2.27 
rlimit: STACK 8192k, CORE 0k, NPROC 7039, NOFILE 1048576, AS infinity, DATA infinity, FSIZE infinity
load average:0,79 1,02 1,20

/proc/meminfo:
MemTotal:        1865004 kB
MemFree:          249548 kB
MemAvailable:     464800 kB
Buffers:           37500 kB
Cached:           290044 kB
SwapCached:          324 kB
Active:          1169056 kB
Inactive:         320280 kB
Active(anon):     978892 kB
Inactive(anon):   188088 kB
Active(file):     190164 kB
Inactive(file):   132192 kB
Unevictable:          96 kB
Mlocked:              96 kB
SwapTotal:        719644 kB
SwapFree:         715548 kB
Dirty:               228 kB
Writeback:             0 kB
AnonPages:       1161644 kB
Mapped:           172144 kB
Shmem:              5148 kB
Slab:              71264 kB
SReclaimable:      47512 kB
SUnreclaim:        23752 kB
KernelStack:        6512 kB
PageTables:        26940 kB
NFS_Unstable:          0 kB
Bounce:                0 kB
WritebackTmp:          0 kB
CommitLimit:     1652144 kB
Committed_AS:    2826784 kB
VmallocTotal:   34359738367 kB
VmallocUsed:           0 kB
VmallocChunk:          0 kB
HardwareCorrupted:     0 kB
AnonHugePages:         0 kB
ShmemHugePages:        0 kB
ShmemPmdMapped:        0 kB
CmaTotal:              0 kB
CmaFree:               0 kB
HugePages_Total:       0
HugePages_Free:        0
HugePages_Rsvd:        0
HugePages_Surp:        0
Hugepagesize:       2048 kB
DirectMap4k:       96192 kB
DirectMap2M:     1822720 kB

container (cgroup) information:
container_type: cgroupv1
cpu_cpuset_cpus: 0-1
cpu_memory_nodes: 0
active_processor_count: 2
cpu_quota: -1
cpu_period: 100000
cpu_shares: -1
memory_limit_in_bytes: -1
memory_and_swap_limit_in_bytes: -2
memory_soft_limit_in_bytes: -1
memory_usage_in_bytes: 1525293056
memory_max_usage_in_bytes: 0


CPU:total 2 (initial active 2) (2 cores per cpu, 1 threads per core) family 6 model 42 stepping 7, cmov, cx8, fxsr, mmx, sse, sse2, sse3, ssse3, sse4.1, sse4.2, popcnt, avx, clmul, tsc, tscinvbit
CPU Model and flags from /proc/cpuinfo:
model name	: Intel(R) Core(TM) i3-2350M CPU @ 2.30GHz
flags		: fpu vme de pse tsc msr pae mce cx8 apic sep mtrr pge mca cmov pat pse36 clflush mmx fxsr sse sse2 ht syscall nx rdtscp lm constant_tsc rep_good nopl xtopology nonstop_tsc cpuid pni pclmulqdq ssse3 cx16 sse4_1 sse4_2 x2apic popcnt xsave avx hypervisor lahf_lm pti

Memory: 4k page, physical 1865004k(249548k free), swap 719644k(715548k free)

vm_info: OpenJDK 64-Bit Server VM (10.0.1+10-Ubuntu-3ubuntu1) for linux-amd64 JRE (10.0.1+10-Ubuntu-3ubuntu1), built on Apr 21 2018 13:41:27 by "buildd" with gcc 7.3.0

END.
